[2015.10.03-11.28.39:810][  0]Log file open, 10/03/15 12:28:39
[2015.10.03-11.28.39:810][  0]LogInit:Display: Running engine for game: GroupGame
[2015.10.03-11.28.39:810][  0]LogInit:Display: RandInit(1281303399) SRandInit(1281303400).
[2015.10.03-11.28.39:810][  0]LogTaskGraph: Started task graph with 4 named threads and 7 total threads.
[2015.10.03-11.28.39:810][  0]LogStats: Stats thread started at 0.084213
[2015.10.03-11.28.39:810][  0]LogInit: Version: 4.9.2-2707645+++depot+UE4-Releases+4.9
[2015.10.03-11.28.39:810][  0]LogInit: API Version: 2672455
[2015.10.03-11.28.39:810][  0]LogInit: Compiled (64-bit): Sep 28 2015 10:25:44
[2015.10.03-11.28.39:810][  0]LogInit: Compiled with Visual C++: 18.00.21005.01
[2015.10.03-11.28.39:810][  0]LogInit: Build Configuration: Development
[2015.10.03-11.28.39:810][  0]LogInit: Branch Name: ++depot+UE4-Releases+4.9
[2015.10.03-11.28.39:810][  0]LogInit: Command line: 
[2015.10.03-11.28.39:810][  0]LogInit: Base directory: D:/Program Files/Epic Games/4.9/Engine/Binaries/Win64/
[2015.10.03-11.28.39:810][  0]LogInit: Rocket: 1
[2015.10.03-11.28.39:819][  0]LogInit: Using libcurl 7.41.0
[2015.10.03-11.28.39:819][  0]LogInit:  - built for x86_64-pc-win32
[2015.10.03-11.28.39:820][  0]LogInit:  - supports SSL with WinSSL
[2015.10.03-11.28.39:820][  0]LogInit:  - other features:
[2015.10.03-11.28.39:820][  0]LogInit:      CURL_VERSION_SSL
[2015.10.03-11.28.39:820][  0]LogInit:      CURL_VERSION_IPV6
[2015.10.03-11.28.39:820][  0]LogInit:      CURL_VERSION_ASYNCHDNS
[2015.10.03-11.28.39:820][  0]LogInit:      CURL_VERSION_LARGEFILE
[2015.10.03-11.28.39:820][  0]LogInit:      CURL_VERSION_IDN
[2015.10.03-11.28.39:820][  0]LogInit:  CurlRequestOptions (configurable via config and command line):
[2015.10.03-11.28.39:820][  0]LogInit:  - bVerifyPeer = true  - Libcurl will verify peer certificate
[2015.10.03-11.28.39:820][  0]LogInit:  - bUseHttpProxy = false  - Libcurl will NOT use HTTP proxy
[2015.10.03-11.28.39:820][  0]LogInit:  - bDontReuseConnections = false  - Libcurl will reuse connections
[2015.10.03-11.28.39:820][  0]LogInit:  - CertBundlePath = nullptr  - Libcurl will use whatever was configured at build time.
[2015.10.03-11.28.39:828][  0]LogInit: Presizing for 0 objects not considered by GC, pre-allocating 0 bytes.
[2015.10.03-11.28.39:840][  0]LogInit: Object subsystem initialized
[2015.10.03-11.28.39:844][  0]LogInit: Selected Device Profile: [Windows]
[2015.10.03-11.28.39:844][  0]LogInit: Applying CVar settings loaded from the selected device profile: [Windows]
[2015.10.03-11.28.39:858][  0]LogInit: Computer: MATSTER2-PC
[2015.10.03-11.28.39:858][  0]LogInit: User: Matster2
[2015.10.03-11.28.39:858][  0]LogInit: CPU Page size=4096, Cores=4
[2015.10.03-11.28.39:859][  0]LogInit: High frequency timer resolution =3.001594 MHz
[2015.10.03-11.28.39:859][  0]LogMemory: Memory total: Physical=16.0GB (16GB approx)
[2015.10.03-11.28.39:859][  0]LogMemory: Platform Memory Stats for Windows
[2015.10.03-11.28.39:859][  0]LogMemory: Process Physical Memory: 53.79 MB used, 53.79 MB peak
[2015.10.03-11.28.39:859][  0]LogMemory: Process Virtual Memory: 57.32 MB used, 57.32 MB peak
[2015.10.03-11.28.39:859][  0]LogMemory: Physical Memory: 5551.83 MB used, 16375.11 MB total
[2015.10.03-11.28.39:859][  0]LogMemory: Virtual Memory: 369.41 MB used, 134217728.00 MB total
[2015.10.03-11.28.39:890][  0]LogTextLocalizationManager: No specific translations for ('en-GB') exist, so ('en') translations will be used.
[2015.10.03-11.28.40:745][  0]LogD3D11RHI: Found D3D11 adapter 0: NVIDIA GeForce GTX 460 (Feature Level 11_0)
[2015.10.03-11.28.40:745][  0]LogD3D11RHI: Adapter has 973MB of dedicated video memory, 0MB of dedicated system memory, and 3071MB of shared system memory, 1 output[s]
[2015.10.03-11.28.40:747][  0]LogD3D11RHI: Found D3D11 adapter 1: Microsoft Basic Render Driver (Feature Level 11_0)
[2015.10.03-11.28.40:747][  0]LogD3D11RHI: Adapter has 0MB of dedicated video memory, 0MB of dedicated system memory, and 8187MB of shared system memory, 0 output[s]
[2015.10.03-11.28.40:747][  0]LogD3D11RHI: Chosen D3D11 Adapter Id = 0
[2015.10.03-11.28.40:750][  0]LogD3D11RHI: !Direct3DDevice
[2015.10.03-11.28.40:751][  0]LogRHI: Texture pool is 681 MB (70% of 973 MB)
[2015.10.03-11.28.40:760][  0]LogD3D11RHI: Async texture creation enabled
[2015.10.03-11.28.40:778][  0]LogShaderCompilers: Guid format shader working directory is 15 characters bigger than the processId version (../../../../../../Users/Matster2/Documents/Unreal Projects/Year2-GroupProject/GroupGame/Intermediate/Shaders/WorkingDirectory/5800/).
[2015.10.03-11.28.40:778][  0]LogShaderCompilers: Cleaned the shader compiler working directory '../../../../../../Users/Matster2/Documents/Unreal Projects/Year2-GroupProject/GroupGame/Intermediate/Shaders/tmp/CAA1E9E64DC4A56F5300C98C63E87683/'.
[2015.10.03-11.28.40:778][  0]LogShaderCompilers:Display: Using Local Shader Compiler.
[2015.10.03-11.28.41:990][  0]LogTemp:Display: Loaded TP AllDesktopTargetPlatform
[2015.10.03-11.28.41:996][  0]LogTemp:Display: Loaded TP WindowsClientTargetPlatform
[2015.10.03-11.28.42:002][  0]LogTemp:Display: Loaded TP WindowsNoEditorTargetPlatform
[2015.10.03-11.28.42:008][  0]LogTemp:Display: Loaded TP WindowsServerTargetPlatform
[2015.10.03-11.28.42:014][  0]LogTemp:Display: Loaded TP WindowsTargetPlatform
[2015.10.03-11.28.42:018][  0]LogTemp:Display: Loaded TP AndroidTargetPlatform
[2015.10.03-11.28.42:022][  0]LogTemp:Display: Loaded TP Android_ASTCTargetPlatform
[2015.10.03-11.28.42:025][  0]LogTemp:Display: Loaded TP Android_ATCTargetPlatform
[2015.10.03-11.28.42:029][  0]LogTemp:Display: Loaded TP Android_DXTTargetPlatform
[2015.10.03-11.28.42:033][  0]LogTemp:Display: Loaded TP Android_ETC1TargetPlatform
[2015.10.03-11.28.42:037][  0]LogTemp:Display: Loaded TP Android_ETC2TargetPlatform
[2015.10.03-11.28.42:041][  0]LogTemp:Display: Loaded TP Android_PVRTCTargetPlatform
[2015.10.03-11.28.42:042][  0]LogTemp:Display: Loaded TP HTML5TargetPlatform
[2015.10.03-11.28.42:060][  0]LogTemp:Display: Loaded TP IOSTargetPlatform
[2015.10.03-11.28.42:063][  0]LogTemp:Display: Loaded TP LinuxNoEditorTargetPlatform
[2015.10.03-11.28.42:067][  0]LogTemp:Display: Loaded TP LinuxServerTargetPlatform
[2015.10.03-11.28.42:071][  0]LogTemp:Display: Loaded TP LinuxTargetPlatform
[2015.10.03-11.28.42:071][  0]LogTargetPlatformManager:Display: Building Assets For Windows
[2015.10.03-11.28.42:172][  0]LogDerivedDataCache:Display: Max Cache Size: 512 MB
[2015.10.03-11.28.42:230][  0]LogDerivedDataCache: Loaded boot cache 0.06s 41MB D:/Users/Matster2/AppData/Local/UnrealEngine/4.9/DerivedDataCache/Boot.ddc.
[2015.10.03-11.28.42:230][  0]LogDerivedDataCache:Display: Loaded Boot cache: D:/Users/Matster2/AppData/Local/UnrealEngine/4.9/DerivedDataCache/Boot.ddc
[2015.10.03-11.28.42:230][  0]LogDerivedDataCache: FDerivedDataBackendGraph:  Pak pak cache file ../../../../../../Users/Matster2/Documents/Unreal Projects/Year2-GroupProject/GroupGame/DerivedDataCache/DDC.ddp not found, will not use a pak cache.
[2015.10.03-11.28.42:230][  0]LogDerivedDataCache: Unable to find inner node Pak for hierarchical cache Hierarchy.
[2015.10.03-11.28.42:230][  0]LogDerivedDataCache: FDerivedDataBackendGraph:  CompressedPak pak cache file ../../../../../../Users/Matster2/Documents/Unreal Projects/Year2-GroupProject/GroupGame/DerivedDataCache/Compressed.ddp not found, will not use a pak cache.
[2015.10.03-11.28.42:230][  0]LogDerivedDataCache: Unable to find inner node CompressedPak for hierarchical cache Hierarchy.
[2015.10.03-11.28.42:393][  0]LogDerivedDataCache:Display: Pak cache opened for reading ../../../Engine/DerivedDataCache/Compressed.ddp.
[2015.10.03-11.28.42:405][  0]LogDerivedDataCache: Using Local data cache path D:/Users/Matster2/AppData/Local/UnrealEngine/Common/DerivedDataCache: Writable
[2015.10.03-11.28.42:626][  0]LogInit: Selected Device Profile: [Windows]
[2015.10.03-11.28.42:629][  0]LogContentStreaming: Texture pool size is 0.000000MB
[2015.10.03-11.28.42:787][  0]LogMeshUtilities: No automatic mesh reduction module available
[2015.10.03-11.28.42:787][  0]LogMeshUtilities: No automatic mesh merging module available
[2015.10.03-11.28.43:087][  0]LogInit: WinSock: version 1.1 (2.2), MaxSocks=32767, MaxUdp=65467
[2015.10.03-11.28.44:095][  0]UdpMessaging: Initializing bridge on interface 0.0.0.0:0 to multicast group 230.0.0.1:6666.
[2015.10.03-11.28.44:209][  0]LogAssetRegistry: FAssetRegistry took 0.0106 seconds to start up
[2015.10.03-11.28.44:395][  0]SourceControl: Info Source control is disabled
[2015.10.03-11.28.44:403][  0]SourceControl: Info Source control is disabled
[2015.10.03-11.28.44:415][  0]SourceControl: Info Source control is disabled
[2015.10.03-11.28.44:427][  0]SourceControl: Info Source control is disabled
[2015.10.03-11.28.44:596][  0]LogLinker:Warning: Asset '../../../Engine/Plugins/Runtime/LeapMotionController/Content/LM_PassthroughMaterial.uasset' has been saved with empty engine version. The asset will be loaded but may be incompatible.
[2015.10.03-11.28.44:690][  0]LogObj: 28361 objects as part of root set at end of initial load.
[2015.10.03-11.28.44:690][  0]LogUObjectAllocator: 6038864 out of 0 bytes used by permanent object pool.
[2015.10.03-11.28.44:756][  0]LogEngine: Initializing Engine...
[2015.10.03-11.28.44:758][  0]LogHMD: Can't find Oculus library dev build: is proper Runtime installed? Version: 0.7.0.0
[2015.10.03-11.28.44:759][  0]LogHMD: SteamVR failed to initialize.  Err: 110
[2015.10.03-11.28.44:906][  0]LogAIModule: Creating AISystem for world NewWorld
[2015.10.03-11.28.44:928][  0]LogInit: XAudio2 using 'Speakers (SB Audigy)' : 8 channels at 48 kHz using 16 bits per sample (channel mask 0x63f)
[2015.10.03-11.28.44:964][  0]LogInit: FAudioDevice initialized.
[2015.10.03-11.28.44:988][  0]LogDerivedDataCache: Saved boot cache 0.02s 41MB D:/Users/Matster2/AppData/Local/UnrealEngine/4.9/DerivedDataCache/Boot.ddc.
[2015.10.03-11.28.44:998][  0]LogInit: Texture streaming: Enabled
[2015.10.03-11.28.45:004][  0]LogAnalytics: Creating configured Analytics provider AnalyticsET
[2015.10.03-11.28.45:004][  0]LogAnalytics: [UEEditor.Rocket.Release] APIServer = http://et2.epicgames.com/ET2/. AppVersion = 4.9.2-2707645+++depot+UE4-Releases+4.9
[2015.10.03-11.28.45:004][  0]LogAnalytics: [UEEditor.Rocket.Release] SetUserId d23866d745545b2700ba8a99a53d954c|9bcc6db43f1942b386c92187badb6b0f|62fc9719-2d1c-4657-973d-8b015d8e6451
[2015.10.03-11.28.45:005][  0]LogAnalytics: [UEEditor.Rocket.Release] AnalyticsET::StartSession
[2015.10.03-11.28.45:015][  0]LogWindowsTextInputMethodSystem:Display: IME system now deactivated.
[2015.10.03-11.28.45:033][  0]LogInit: Transaction tracking system initialized
[2015.10.03-11.28.45:068][  0]BlueprintLog: New page: Editor Load
[2015.10.03-11.28.45:910][  0]LocalizationService: Info Localization service is disabled
[2015.10.03-11.28.46:185][  0]LogConsoleResponse:Display: 
[2015.10.03-11.28.46:325][  0]LogFileCache: Scanning file cache for directory 'D:/Users/Matster2/Documents/Unreal Projects/Year2-GroupProject/GroupGame/Content/' took 0.01s
[2015.10.03-11.28.46:325][  0]LogCook:Display: Done creating registry. It took  0.00s.
[2015.10.03-11.28.46:425][  0]SourceControl: Info Source control is disabled
[2015.10.03-11.28.46:425][  0]Cmd: MAP LOAD FILE="../../../Engine/Content/Maps/Templates/Template_Default.umap" TEMPLATE=1 SHOWPROGRESS=1 FEATURELEVEL=3
[2015.10.03-11.28.46:426][  0]LightingResults: New page: Lighting Build
[2015.10.03-11.28.46:429][  0]MapCheck: New page: Map Check
[2015.10.03-11.28.46:429][  0]LightingResults: New page: Lighting Build
[2015.10.03-11.28.46:443][  0]LogParticles: Destroying 0 GPU particle simulations for FXSystem 0x00000020B0D0E160
[2015.10.03-11.28.46:795][  0]LogAIModule: Creating AISystem for world Untitled_1
[2015.10.03-11.28.46:802][  0]LogEditorServer: Finished looking for orphan Actors (0.000 secs)
[2015.10.03-11.28.46:807][  0]Cmd: MAP CHECKDEP NOCLEARLOG
[2015.10.03-11.28.46:863][  0]MapCheck: Info Map check complete: 0 Error(s), 0 Warning(s), took 56.13ms to complete.
[2015.10.03-11.28.46:863][  0]LogFileHelpers: Loading map 'Template_Default' took 0.438
[2015.10.03-11.28.46:981][  0]LogCollectionManager: Loaded 0 collections in 0.002299 seconds
[2015.10.03-11.28.47:023][  0]LogFileCache: Scanning file cache for directory 'D:/Users/Matster2/Documents/Unreal Projects/Year2-GroupProject/GroupGame/Saved/Collections/' took 0.01s
[2015.10.03-11.28.47:023][  0]LogFileCache: Scanning file cache for directory 'D:/Users/Matster2/Documents/Unreal Projects/Year2-GroupProject/GroupGame/Content/Developers/Matster2/Collections/' took 0.01s
[2015.10.03-11.28.47:023][  0]LogFileCache: Scanning file cache for directory 'D:/Users/Matster2/Documents/Unreal Projects/Year2-GroupProject/GroupGame/Content/Collections/' took 0.01s
[2015.10.03-11.28.47:023][  0]LogContentBrowser: Native class hierarchy populated in 0.0089 seconds. Added 1867 classes and 333 folders.
[2015.10.03-11.28.47:028][  0]LogCollectionManager: Rebuilt the GUID cache for 0 collections in 0.000003 seconds
[2015.10.03-11.28.47:040][  0]LogContentBrowser: Native class hierarchy updated for 'WidgetCarousel' in 0.0005 seconds. Added 0 classes and 0 folders.
[2015.10.03-11.28.47:095][  0]LogContentBrowser: Native class hierarchy updated for 'AddContentDialog' in 0.0004 seconds. Added 0 classes and 0 folders.
[2015.10.03-11.28.47:100][  0]LogContentBrowser: Native class hierarchy updated for 'SceneOutliner' in 0.0004 seconds. Added 1 classes and 2 folders.
[2015.10.03-11.28.47:131][  0]LogCrashTracker: Crashtracker disabled due to settings.
[2015.10.03-11.28.47:135][  0]LogUObjectGlobals:Warning: Failed to find object 'Class None.'
[2015.10.03-11.28.47:158][  0]LogLoad: Full Startup: 7.92 seconds (BP compile: 0.05 seconds)
[2015.10.03-11.28.47:216][  0]LogContentStreaming: Texture pool size now 1000 MB
[2015.10.03-11.28.47:374][  0]LogRenderer: Reallocating scene render targets to support 1208x576 (Frame:2).
[2015.10.03-11.28.47:672][  6]LogAssetRegistry: Asset discovery search completed in 3.4738 seconds
[2015.10.03-11.28.47:673][  6]LogCollectionManager: Rebuilt the object cache for 0 collections in 0.000001 seconds (found 0 objects)
[2015.10.03-11.28.47:674][  6]LogCollectionManager: Fixed up redirectors for 0 collections in 0.000832 seconds (updated 0 objects)
[2015.10.03-11.28.54:559][488]LogPlayLevel: PlayLevel: No blueprints needed recompiling
[2015.10.03-11.28.54:559][488]PIE: New page: PIE session: Untitled_1 (3 Oct 2015 13:28:54)
[2015.10.03-11.28.54:559][488]LogPlayLevel: Creating play world package: /Temp/UEDPIE_0_Untitled_1
[2015.10.03-11.28.54:562][488]LogPlayLevel: PIE: StaticDuplicateObject took: (0.002195s)
[2015.10.03-11.28.54:562][488]LogAIModule: Creating AISystem for world Untitled_1
[2015.10.03-11.28.54:563][488]LogPlayLevel: PIE: World Init took: (0.001036s)
[2015.10.03-11.28.54:563][488]LogPlayLevel: PIE: Created PIE world by copying editor world from /Temp/Untitled_1.Untitled_1 to /Temp/UEDPIE_0_Untitled_1.Untitled_1 (0.003510s)
[2015.10.03-11.28.54:600][488]LogInit: XAudio2 using 'Speakers (SB Audigy)' : 8 channels at 48 kHz using 16 bits per sample (channel mask 0x63f)
[2015.10.03-11.28.54:618][488]LogInit: FAudioDevice initialized.
[2015.10.03-11.28.54:667][488]LogWorld: Game class is 'GameMode'
[2015.10.03-11.28.54:670][488]LogWorld: Bringing World /Temp/UEDPIE_0_Untitled_1.Untitled_1 up for play (max tick rate 0) at 2015.10.03-12.28.54
[2015.10.03-11.28.54:670][488]LogActor:Warning: GameSession /Temp/UEDPIE_0_Untitled_1.Untitled_1:PersistentLevel.GameSession_0 has natively added scene component(s), but none of them were set as the actor's RootComponent - picking one arbitrarily
[2015.10.03-11.28.54:670][488]LogActor:Warning: GameNetworkManager /Temp/UEDPIE_0_Untitled_1.Untitled_1:PersistentLevel.GameNetworkManager_0 has natively added scene component(s), but none of them were set as the actor's RootComponent - picking one arbitrarily
[2015.10.03-11.28.54:670][488]LogWorld: Bringing up level for play took: 0.002176
[2015.10.03-11.28.54:782][488]PIE: Info Play in editor start time for /Temp/UEDPIE_0_Untitled_1 0.007
[2015.10.03-11.28.59:227][847]LogParticles: Destroying 0 GPU particle simulations for FXSystem 0x00000020A1BB8400
[2015.10.03-11.29.03:050][117]LogEditorViewport: Clicking on Actor (LMB): BP_Sky_Sphere_C (Sky Sphere)
[2015.10.03-11.29.03:874][161]LogWindowsTextInputMethodSystem:Display: IME system now deactivated.
[2015.10.03-11.29.04:180][162]Cmd: QUIT_EDITOR
[2015.10.03-11.29.04:968][162]LogExit: Preparing to exit.
[2015.10.03-11.29.05:160][162]LogExit: Editor shut down
[2015.10.03-11.29.05:161][162]LogExit: Transaction tracking system shut down
[2015.10.03-11.29.05:162][162]LogParticles: Destroying 0 GPU particle simulations for FXSystem 0x00000020A43FC540
[2015.10.03-11.29.05:162][162]LogParticles: Destroying 0 GPU particle simulations for FXSystem 0x00000020A1C4F380
[2015.10.03-11.29.05:307][162]LogExit: Object subsystem successfully closed.
[2015.10.03-11.29.05:316][162]LogD3D11RHI: Shutdown
[2015.10.03-11.29.05:316][162]LogD3D11RHI: CleanupD3DDevice
[2015.10.03-11.29.05:372][162]LogD3D11RHI: ~FD3D11DynamicRHI
[2015.10.03-11.29.05:395][162]LogModuleManager: Shutting down and abandoning module CrashTracker (197)
[2015.10.03-11.29.05:395][162]LogModuleManager: Shutting down and abandoning module SceneOutliner (196)
[2015.10.03-11.29.05:395][162]LogModuleManager: Shutting down and abandoning module SuperSearch (195)
[2015.10.03-11.29.05:396][162]LogModuleManager: Shutting down and abandoning module WidgetCarousel (194)
[2015.10.03-11.29.05:396][162]LogModuleManager: Shutting down and abandoning module AddContentDialog (193)
[2015.10.03-11.29.05:397][162]LogModuleManager: Shutting down and abandoning module EditorWidgets (192)
[2015.10.03-11.29.05:397][162]LogModuleManager: Shutting down and abandoning module CollectionManager (191)
[2015.10.03-11.29.05:397][162]LogModuleManager: Shutting down and abandoning module StatsViewer (190)
[2015.10.03-11.29.05:397][162]LogModuleManager: Shutting down and abandoning module FoliageEdit (189)
[2015.10.03-11.29.05:397][162]LogModuleManager: Shutting down and abandoning module LandscapeEditor (188)
[2015.10.03-11.29.05:397][162]LogModuleManager: Shutting down and abandoning module ActorPickerMode (187)
[2015.10.03-11.29.05:397][162]LogModuleManager: Shutting down and abandoning module GeometryMode (186)
[2015.10.03-11.29.05:397][162]LogModuleManager: Shutting down and abandoning module TextureAlignMode (185)
[2015.10.03-11.29.05:397][162]LogModuleManager: Shutting down and abandoning module BspMode (184)
[2015.10.03-11.29.05:398][162]LogModuleManager: Shutting down and abandoning module PlacementMode (183)
[2015.10.03-11.29.05:398][162]LogModuleManager: Shutting down and abandoning module AutomationWorker (182)
[2015.10.03-11.29.05:398][162]LogModuleManager: Shutting down and abandoning module CharacterAI (181)
[2015.10.03-11.29.05:398][162]LogModuleManager: Shutting down and abandoning module SmartSnapping (180)
[2015.10.03-11.29.05:398][162]LogModuleManager: Shutting down and abandoning module ViewportSnapping (179)
[2015.10.03-11.29.05:398][162]LogModuleManager: Shutting down and abandoning module LogVisualizer (178)
[2015.10.03-11.29.05:398][162]LogModuleManager: Shutting down and abandoning module GameProjectGeneration (177)
[2015.10.03-11.29.05:398][162]LogModuleManager: Shutting down and abandoning module IntroTutorials (176)
[2015.10.03-11.29.05:398][162]LogModuleManager: Shutting down and abandoning module EditorLiveStreaming (175)
[2015.10.03-11.29.05:398][162]LogModuleManager: Shutting down and abandoning module IOSPlatformEditor (174)
[2015.10.03-11.29.05:398][162]LogModuleManager: Shutting down and abandoning module HTML5PlatformEditor (173)
[2015.10.03-11.29.05:398][162]LogModuleManager: Shutting down and abandoning module AndroidDeviceDetection (172)
[2015.10.03-11.29.05:968][162]LogModuleManager: Shutting down and abandoning module AndroidPlatformEditor (171)
[2015.10.03-11.29.05:968][162]LogModuleManager: Shutting down and abandoning module IOSRuntimeSettings (170)
[2015.10.03-11.29.05:968][162]LogModuleManager: Shutting down and abandoning module AndroidRuntimeSettings (169)
[2015.10.03-11.29.05:968][162]LogModuleManager: Shutting down and abandoning module MergeActors (168)
[2015.10.03-11.29.05:968][162]LogModuleManager: Shutting down and abandoning module SizeMap (167)
[2015.10.03-11.29.05:968][162]LogModuleManager: Shutting down and abandoning module TreeMap (166)
[2015.10.03-11.29.05:968][162]LogModuleManager: Shutting down and abandoning module ReferenceViewer (165)
[2015.10.03-11.29.05:968][162]LogModuleManager: Shutting down and abandoning module LocalizationService (164)
[2015.10.03-11.29.05:968][162]LogModuleManager: Shutting down and abandoning module LocalizationDashboard (163)
[2015.10.03-11.29.05:968][162]LogModuleManager: Shutting down and abandoning module HardwareTargeting (162)
[2015.10.03-11.29.05:968][162]LogModuleManager: Shutting down and abandoning module DeviceProfileEditor (161)
[2015.10.03-11.29.05:968][162]LogModuleManager: Shutting down and abandoning module UndoHistory (160)
[2015.10.03-11.29.05:968][162]LogModuleManager: Shutting down and abandoning module GameplayTagsEditor (159)
[2015.10.03-11.29.05:968][162]LogModuleManager: Shutting down and abandoning module UserFeedback (158)
[2015.10.03-11.29.05:968][162]LogModuleManager: Shutting down and abandoning module XmlParser (157)
[2015.10.03-11.29.05:968][162]LogModuleManager: Shutting down and abandoning module Blutility (156)
[2015.10.03-11.29.05:968][162]LogModuleManager: Shutting down and abandoning module ProjectTargetPlatformEditor (155)
[2015.10.03-11.29.05:968][162]LogModuleManager: Shutting down and abandoning module ProjectSettingsViewer (154)
[2015.10.03-11.29.05:969][162]LogModuleManager: Shutting down and abandoning module InputBindingEditor (153)
[2015.10.03-11.29.05:969][162]LogModuleManager: Shutting down and abandoning module EditorSettingsViewer (152)
[2015.10.03-11.29.05:969][162]LogModuleManager: Shutting down and abandoning module SettingsEditor (151)
[2015.10.03-11.29.05:969][162]LogModuleManager: Shutting down and abandoning module ProjectLauncher (150)
[2015.10.03-11.29.05:969][162]LogModuleManager: Shutting down and abandoning module SessionFrontend (149)
[2015.10.03-11.29.05:969][162]LogModuleManager: Shutting down and abandoning module ProfilerClient (148)
[2015.10.03-11.29.05:969][162]LogModuleManager: Shutting down and abandoning module TargetDeviceServices (147)
[2015.10.03-11.29.05:969][162]LogModuleManager: Shutting down and abandoning module DeviceManager (146)
[2015.10.03-11.29.05:969][162]LogModuleManager: Shutting down and abandoning module AutomationController (145)
[2015.10.03-11.29.05:969][162]LogModuleManager: Shutting down and abandoning module AutomationWindow (144)
[2015.10.03-11.29.05:969][162]LogModuleManager: Shutting down and abandoning module Layers (143)
[2015.10.03-11.29.05:969][162]LogModuleManager: Shutting down and abandoning module ComponentVisualizers (142)
[2015.10.03-11.29.05:969][162]LogModuleManager: Shutting down and abandoning module DetailCustomizations (141)
[2015.10.03-11.29.05:970][162]LogModuleManager: Shutting down and abandoning module PackagesDialog (140)
[2015.10.03-11.29.05:970][162]LogModuleManager: Shutting down and abandoning module Persona (139)
[2015.10.03-11.29.05:970][162]LogModuleManager: Shutting down and abandoning module Kismet (138)
[2015.10.03-11.29.05:970][162]LogModuleManager: Shutting down and abandoning module GraphEditor (137)
[2015.10.03-11.29.05:970][162]LogModuleManager: Shutting down and abandoning module ClassViewer (136)
[2015.10.03-11.29.05:970][162]LogModuleManager: Shutting down and abandoning module Toolbox (135)
[2015.10.03-11.29.05:970][162]LogModuleManager: Shutting down and abandoning module ModuleUI (134)
[2015.10.03-11.29.05:970][162]LogModuleManager: Shutting down and abandoning module MovieSceneTools (133)
[2015.10.03-11.29.05:970][162]LogModuleManager: Shutting down and abandoning module OutputLog (132)
[2015.10.03-11.29.05:970][162]LogModuleManager: Shutting down and abandoning module GammaUI (131)
[2015.10.03-11.29.05:970][162]LogModuleManager: Shutting down and abandoning module Documentation (130)
[2015.10.03-11.29.05:970][162]LogModuleManager: Shutting down and abandoning module GameLiveStreaming (129)
[2015.10.03-11.29.05:970][162]LogModuleManager: Shutting down and abandoning module StreamingPauseRendering (128)
[2015.10.03-11.29.05:970][162]LogModuleManager: Shutting down and abandoning module AnalyticsET (127)
[2015.10.03-11.29.05:970][162]LogModuleManager: Shutting down and abandoning module Analytics (126)
[2015.10.03-11.29.05:970][162]LogModuleManager: Shutting down and abandoning module AITestSuite (125)
[2015.10.03-11.29.05:970][162]LogModuleManager: Shutting down and abandoning module GameplayDebugger (124)
[2015.10.03-11.29.05:970][162]LogModuleManager: Shutting down and abandoning module AIModule (123)
[2015.10.03-11.29.05:970][162]LogModuleManager: Shutting down and abandoning module ProfilerService (122)
[2015.10.03-11.29.06:199][162]LogModuleManager: Shutting down and abandoning module TaskGraph (121)
[2015.10.03-11.29.06:199][162]LogModuleManager: Shutting down and abandoning module SlateRemote (120)
[2015.10.03-11.29.06:199][162]LogModuleManager: Shutting down and abandoning module SteamVRController (119)
[2015.10.03-11.29.06:199][162]LogModuleManager: Shutting down and abandoning module SteamVR (118)
[2015.10.03-11.29.06:199][162]LogModuleManager: Shutting down and abandoning module ProceduralMeshComponent (117)
[2015.10.03-11.29.06:199][162]LogModuleManager: Shutting down and abandoning module OculusRift (116)
[2015.10.03-11.29.06:199][162]LogModuleManager: Shutting down and abandoning module OculusLibrary (115)
[2015.10.03-11.29.06:199][162]LogModuleManager: Shutting down and abandoning module LeapMotionController (114)
[2015.10.03-11.29.06:225][162]LogModuleManager: Shutting down and abandoning module CustomMeshComponent (113)
[2015.10.03-11.29.06:225][162]LogModuleManager: Shutting down and abandoning module CableComponent (112)
[2015.10.03-11.29.06:225][162]LogModuleManager: Shutting down and abandoning module ArchVisCharacter (111)
[2015.10.03-11.29.06:225][162]LogModuleManager: Shutting down and abandoning module MessagingDebugger (110)
[2015.10.03-11.29.06:225][162]LogModuleManager: Shutting down and abandoning module MediaPlayerEditor (109)
[2015.10.03-11.29.06:225][162]LogModuleManager: Shutting down and abandoning module HTML5Networking (108)
[2015.10.03-11.29.06:225][162]LogModuleManager: Shutting down and abandoning module SpeedTreeImporter (107)
[2015.10.03-11.29.06:225][162]LogModuleManager: Shutting down and abandoning module PluginBrowser (106)
[2015.10.03-11.29.06:225][162]LogModuleManager: Shutting down and abandoning module EpicSurvey (105)
[2015.10.03-11.29.06:225][162]LogModuleManager: Shutting down and abandoning module DesktopPlatform (104)
[2015.10.03-11.29.06:225][162]LogModuleManager: Shutting down and abandoning module VisualStudioSourceCodeAccess (103)
[2015.10.03-11.29.06:225][162]LogModuleManager: Shutting down and abandoning module UObjectPlugin (102)
[2015.10.03-11.29.06:225][162]LogModuleManager: Shutting down and abandoning module SubversionSourceControl (101)
[2015.10.03-11.29.06:225][162]LogModuleManager: Shutting down and abandoning module PerforceSourceControl (100)
[2015.10.03-11.29.06:225][162]LogModuleManager: Shutting down and abandoning module SourceControl (99)
[2015.10.03-11.29.06:225][162]LogModuleManager: Shutting down and abandoning module GitSourceControl (98)
[2015.10.03-11.29.06:225][162]LogModuleManager: Shutting down and abandoning module LightPropagationVolumeEditor (97)
[2015.10.03-11.29.06:225][162]LogModuleManager: Shutting down and abandoning module PaperTiledImporter (96)
[2015.10.03-11.29.06:225][162]LogModuleManager: Shutting down and abandoning module PaperSpriteSheetImporter (95)
[2015.10.03-11.29.06:225][162]LogModuleManager: Shutting down and abandoning module MeshPaint (94)
[2015.10.03-11.29.06:225][162]LogModuleManager: Shutting down and abandoning module SlateReflector (93)
[2015.10.03-11.29.06:225][162]LogModuleManager: Shutting down and abandoning module HotReload (92)
[2015.10.03-11.29.06:225][162]LogModuleManager: Shutting down and abandoning module MainFrame (91)
[2015.10.03-11.29.06:225][162]LogModuleManager: Shutting down and abandoning module LevelEditor (90)
[2015.10.03-11.29.06:226][162]LogModuleManager: Shutting down and abandoning module DirectoryWatcher (89)
[2015.10.03-11.29.06:227][162]LogModuleManager: Shutting down and abandoning module AssetRegistry (88)
[2015.10.03-11.29.06:293][162]LogModuleManager: Shutting down and abandoning module ContentBrowser (87)
[2015.10.03-11.29.06:294][162]LogModuleManager: Shutting down and abandoning module Paper2DEditor (86)
[2015.10.03-11.29.06:294][162]LogModuleManager: Shutting down and abandoning module UdpMessaging (85)
[2015.10.03-11.29.06:395][162]LogModuleManager: Shutting down and abandoning module LightPropagationVolumeRuntime (84)
[2015.10.03-11.29.06:395][162]LogModuleManager: Shutting down and abandoning module Paper2D (83)
[2015.10.03-11.29.06:395][162]LogModuleManager: Shutting down and abandoning module WindowsMoviePlayer (82)
[2015.10.03-11.29.06:399][162]LogModuleManager: Shutting down and abandoning module Media (81)
[2015.10.03-11.29.06:399][162]LogModuleManager: Shutting down and abandoning module WmfMedia (80)
[2015.10.03-11.29.06:399][162]LogModuleManager: Shutting down and abandoning module OnlineBlueprintSupport (79)
[2015.10.03-11.29.06:399][162]LogModuleManager: Shutting down and abandoning module GameplayTasksEditor (78)
[2015.10.03-11.29.06:399][162]LogModuleManager: Shutting down and abandoning module PropertyEditor (77)
[2015.10.03-11.29.06:399][162]LogModuleManager: Shutting down and abandoning module BehaviorTreeEditor (76)
[2015.10.03-11.29.06:399][162]LogModuleManager: Shutting down and abandoning module FunctionalTesting (75)
[2015.10.03-11.29.06:399][162]LogModuleManager: Shutting down and abandoning module CollisionAnalyzer (74)
[2015.10.03-11.29.06:399][162]LogModuleManager: Shutting down and abandoning module WorkspaceMenuStructure (73)
[2015.10.03-11.29.06:399][162]LogModuleManager: Shutting down and abandoning module MessageLog (72)
[2015.10.03-11.29.06:399][162]LogModuleManager: Shutting down and abandoning module Sequencer (71)
[2015.10.03-11.29.06:399][162]LogModuleManager: Shutting down and abandoning module AssetTools (70)
[2015.10.03-11.29.06:400][162]LogModuleManager: Shutting down and abandoning module UMGEditor (69)
[2015.10.03-11.29.06:400][162]LogModuleManager: Shutting down and abandoning module UMG (68)
[2015.10.03-11.29.06:400][162]LogModuleManager: Shutting down and abandoning module Slate (67)
[2015.10.03-11.29.06:400][162]LogModuleManager: Shutting down and abandoning module EditorStyle (66)
[2015.10.03-11.29.06:403][162]LogModuleManager: Shutting down and abandoning module SessionServices (65)
[2015.10.03-11.29.06:403][162]LogModuleManager: Shutting down and abandoning module SourceCodeAccess (64)
[2015.10.03-11.29.06:403][162]LogModuleManager: Shutting down and abandoning module HeadMountedDisplay (63)
[2015.10.03-11.29.06:403][162]LogModuleManager: Shutting down and abandoning module XAudio2 (62)
[2015.10.03-11.29.06:403][162]LogModuleManager: Shutting down and abandoning module Networking (60)
[2015.10.03-11.29.06:403][162]LogModuleManager: Shutting down and abandoning module Core (59)
[2015.10.03-11.29.06:403][162]LogModuleManager: Shutting down and abandoning module KismetCompiler (58)
[2015.10.03-11.29.06:403][162]LogModuleManager: Shutting down and abandoning module PhysXFormats (57)
[2015.10.03-11.29.06:403][162]LogModuleManager: Shutting down and abandoning module MeshUtilities (56)
[2015.10.03-11.29.06:403][162]LogModuleManager: Shutting down and abandoning module CookingStats (55)
[2015.10.03-11.29.06:404][162]LogModuleManager: Shutting down and abandoning module DerivedDataCache (54)
[2015.10.03-11.29.06:898][162]LogDerivedDataCache: Shutdown
[2015.10.03-11.29.06:898][162]LogModuleManager: Shutting down and abandoning module ShaderFormatOpenGL (53)
[2015.10.03-11.29.06:898][162]LogModuleManager: Shutting down and abandoning module ShaderFormatD3D (52)
[2015.10.03-11.29.06:898][162]LogModuleManager: Shutting down and abandoning module MetalShaderFormat (51)
[2015.10.03-11.29.06:898][162]LogModuleManager: Shutting down and abandoning module TextureFormatUncompressed (50)
[2015.10.03-11.29.06:898][162]LogModuleManager: Shutting down and abandoning module TextureFormatPVR (49)
[2015.10.03-11.29.06:898][162]LogModuleManager: Shutting down and abandoning module TextureFormatIntelISPCTexComp (48)
[2015.10.03-11.29.06:898][162]LogModuleManager: Shutting down and abandoning module TextureFormatDXT (47)
[2015.10.03-11.29.06:898][162]LogModuleManager: Shutting down and abandoning module ImageWrapper (46)
[2015.10.03-11.29.06:898][162]LogModuleManager: Shutting down and abandoning module TextureFormatASTC (45)
[2015.10.03-11.29.06:898][162]LogModuleManager: Shutting down and abandoning module TextureFormatAndroid (44)
[2015.10.03-11.29.06:898][162]LogModuleManager: Shutting down and abandoning module AudioFormatOpus (43)
[2015.10.03-11.29.06:898][162]LogModuleManager: Shutting down and abandoning module AudioFormatOgg (42)
[2015.10.03-11.29.06:898][162]LogModuleManager: Shutting down and abandoning module AudioFormatADPCM (41)
[2015.10.03-11.29.06:898][162]LogModuleManager: Shutting down and abandoning module LinuxTargetPlatform (40)
[2015.10.03-11.29.06:898][162]LogModuleManager: Shutting down and abandoning module LinuxServerTargetPlatform (39)
[2015.10.03-11.29.06:898][162]LogModuleManager: Shutting down and abandoning module LinuxNoEditorTargetPlatform (38)
[2015.10.03-11.29.06:898][162]LogModuleManager: Shutting down and abandoning module Messaging (37)
[2015.10.03-11.29.06:898][162]LogModuleManager: Shutting down and abandoning module IOSTargetPlatform (36)
[2015.10.03-11.29.06:898][162]LogModuleManager: Shutting down and abandoning module HTML5TargetPlatform (35)
[2015.10.03-11.29.06:898][162]LogModuleManager: Shutting down and abandoning module Android_PVRTCTargetPlatform (34)
[2015.10.03-11.29.06:899][162]LogModuleManager: Shutting down and abandoning module Android_ETC2TargetPlatform (33)
[2015.10.03-11.29.06:899][162]LogModuleManager: Shutting down and abandoning module Android_ETC1TargetPlatform (32)
[2015.10.03-11.29.06:899][162]LogModuleManager: Shutting down and abandoning module Android_DXTTargetPlatform (31)
[2015.10.03-11.29.06:899][162]LogModuleManager: Shutting down and abandoning module Android_ATCTargetPlatform (30)
[2015.10.03-11.29.06:899][162]LogModuleManager: Shutting down and abandoning module Android_ASTCTargetPlatform (29)
[2015.10.03-11.29.06:899][162]LogModuleManager: Shutting down and abandoning module AndroidTargetPlatform (28)
[2015.10.03-11.29.06:899][162]LogModuleManager: Shutting down and abandoning module WindowsTargetPlatform (27)
[2015.10.03-11.29.06:899][162]LogModuleManager: Shutting down and abandoning module WindowsServerTargetPlatform (26)
[2015.10.03-11.29.06:899][162]LogModuleManager: Shutting down and abandoning module WindowsNoEditorTargetPlatform (25)
[2015.10.03-11.29.06:899][162]LogModuleManager: Shutting down and abandoning module WindowsClientTargetPlatform (24)
[2015.10.03-11.29.06:899][162]LogModuleManager: Shutting down and abandoning module AllDesktopTargetPlatform (23)
[2015.10.03-11.29.06:899][162]LogModuleManager: Shutting down and abandoning module TargetPlatform (22)
[2015.10.03-11.29.06:899][162]LogModuleManager: Shutting down and abandoning module InputCore (21)
[2015.10.03-11.29.06:899][162]LogModuleManager: Shutting down and abandoning module Settings (20)
[2015.10.03-11.29.06:899][162]LogModuleManager: Shutting down and abandoning module OnlineSubsystem (18)
[2015.10.03-11.29.06:899][162]LogModuleManager: Shutting down and abandoning module HTTP (17)
[2015.10.03-11.29.10:406][162]LogModuleManager: Shutting down and abandoning module XMPP (16)
[2015.10.03-11.29.10:406][162]LogModuleManager: Shutting down and abandoning module ExampleDeviceProfileSelector (15)
[2015.10.03-11.29.10:406][162]LogModuleManager: Shutting down and abandoning module TextureCompressor (14)
[2015.10.03-11.29.10:406][162]LogModuleManager: Shutting down and abandoning module ShaderCore (13)
[2015.10.03-11.29.10:406][162]LogModuleManager: Shutting down and abandoning module Landscape (12)
[2015.10.03-11.29.10:406][162]LogModuleManager: Shutting down and abandoning module SlateRHIRenderer (11)
[2015.10.03-11.29.10:407][162]LogModuleManager: Shutting down and abandoning module OpenGLDrv (10)
[2015.10.03-11.29.10:407][162]LogModuleManager: Shutting down and abandoning module D3D11RHI (9)
[2015.10.03-11.29.10:407][162]LogModuleManager: Shutting down and abandoning module AnimGraphRuntime (8)
[2015.10.03-11.29.10:407][162]LogModuleManager: Shutting down and abandoning module Renderer (7)
[2015.10.03-11.29.10:407][162]LogModuleManager: Shutting down and abandoning module Engine (6)
[2015.10.03-11.29.10:407][162]LogModuleManager: Shutting down and abandoning module CoreUObject (5)
[2015.10.03-11.29.10:407][162]LogModuleManager: Shutting down and abandoning module NetworkFile (4)
[2015.10.03-11.29.10:407][162]LogModuleManager: Shutting down and abandoning module StreamingFile (3)
[2015.10.03-11.29.10:407][162]LogModuleManager: Shutting down and abandoning module SandboxFile (2)
[2015.10.03-11.29.10:407][162]LogModuleManager: Shutting down and abandoning module PakFile (1)
[2015.10.03-11.29.10:408][162]LogExit: Exiting.
[2015.10.03-11.29.10:440][162]Log file closed, 10/03/15 12:29:10
