[2015.11.12-12.16.33:157][  0]Log file open, 11/12/15 12:16:33
[2015.11.12-12.16.33:157][  0]LogInit:Display: Running engine for game: GroupProject
[2015.11.12-12.16.33:157][  0]LogInit:Display: RandInit(879230572) SRandInit(879230573).
[2015.11.12-12.16.33:157][  0]LogTaskGraph: Started task graph with 4 named threads and 7 total threads.
[2015.11.12-12.16.33:157][  0]LogStats: Stats thread started at 0.091725
[2015.11.12-12.16.33:157][  0]LogInit: Version: 4.9.2-2707645+++depot+UE4-Releases+4.9
[2015.11.12-12.16.33:157][  0]LogInit: API Version: 2672455
[2015.11.12-12.16.33:157][  0]LogInit: Compiled (64-bit): Sep 28 2015 10:25:44
[2015.11.12-12.16.33:157][  0]LogInit: Compiled with Visual C++: 18.00.21005.01
[2015.11.12-12.16.33:157][  0]LogInit: Build Configuration: Development
[2015.11.12-12.16.33:157][  0]LogInit: Branch Name: ++depot+UE4-Releases+4.9
[2015.11.12-12.16.33:157][  0]LogInit: Command line: 
[2015.11.12-12.16.33:157][  0]LogInit: Base directory: D:/Program Files/Epic Games/4.9/Engine/Binaries/Win64/
[2015.11.12-12.16.33:157][  0]LogInit: Rocket: 1
[2015.11.12-12.16.33:165][  0]LogInit: Using libcurl 7.41.0
[2015.11.12-12.16.33:165][  0]LogInit:  - built for x86_64-pc-win32
[2015.11.12-12.16.33:165][  0]LogInit:  - supports SSL with WinSSL
[2015.11.12-12.16.33:165][  0]LogInit:  - other features:
[2015.11.12-12.16.33:165][  0]LogInit:      CURL_VERSION_SSL
[2015.11.12-12.16.33:165][  0]LogInit:      CURL_VERSION_IPV6
[2015.11.12-12.16.33:165][  0]LogInit:      CURL_VERSION_ASYNCHDNS
[2015.11.12-12.16.33:165][  0]LogInit:      CURL_VERSION_LARGEFILE
[2015.11.12-12.16.33:165][  0]LogInit:      CURL_VERSION_IDN
[2015.11.12-12.16.33:165][  0]LogInit:  CurlRequestOptions (configurable via config and command line):
[2015.11.12-12.16.33:165][  0]LogInit:  - bVerifyPeer = true  - Libcurl will verify peer certificate
[2015.11.12-12.16.33:165][  0]LogInit:  - bUseHttpProxy = false  - Libcurl will NOT use HTTP proxy
[2015.11.12-12.16.33:165][  0]LogInit:  - bDontReuseConnections = false  - Libcurl will reuse connections
[2015.11.12-12.16.33:165][  0]LogInit:  - CertBundlePath = nullptr  - Libcurl will use whatever was configured at build time.
[2015.11.12-12.16.33:173][  0]LogInit: Presizing for 0 objects not considered by GC, pre-allocating 0 bytes.
[2015.11.12-12.16.33:182][  0]LogInit: Object subsystem initialized
[2015.11.12-12.16.33:184][  0]LogInit: Selected Device Profile: [Windows]
[2015.11.12-12.16.33:184][  0]LogInit: Applying CVar settings loaded from the selected device profile: [Windows]
[2015.11.12-12.16.33:195][  0]LogInit: Computer: MATSTER2-PC
[2015.11.12-12.16.33:195][  0]LogInit: User: Matster2
[2015.11.12-12.16.33:195][  0]LogInit: CPU Page size=4096, Cores=4
[2015.11.12-12.16.33:195][  0]LogInit: High frequency timer resolution =3.001593 MHz
[2015.11.12-12.16.33:195][  0]LogMemory: Memory total: Physical=16.0GB (16GB approx)
[2015.11.12-12.16.33:195][  0]LogMemory: Platform Memory Stats for Windows
[2015.11.12-12.16.33:195][  0]LogMemory: Process Physical Memory: 53.86 MB used, 53.86 MB peak
[2015.11.12-12.16.33:195][  0]LogMemory: Process Virtual Memory: 57.27 MB used, 57.27 MB peak
[2015.11.12-12.16.33:195][  0]LogMemory: Physical Memory: 5129.71 MB used, 16375.11 MB total
[2015.11.12-12.16.33:195][  0]LogMemory: Virtual Memory: 367.25 MB used, 134217728.00 MB total
[2015.11.12-12.16.33:224][  0]LogTextLocalizationManager: No specific translations for ('en-GB') exist, so ('en') translations will be used.
[2015.11.12-12.16.34:105][  0]LogD3D11RHI: Found D3D11 adapter 0: NVIDIA GeForce GTX 460 (Feature Level 11_0)
[2015.11.12-12.16.34:105][  0]LogD3D11RHI: Adapter has 973MB of dedicated video memory, 0MB of dedicated system memory, and 3071MB of shared system memory, 2 output[s]
[2015.11.12-12.16.34:106][  0]LogD3D11RHI: Found D3D11 adapter 1: Microsoft Basic Render Driver (Feature Level 11_0)
[2015.11.12-12.16.34:106][  0]LogD3D11RHI: Adapter has 0MB of dedicated video memory, 0MB of dedicated system memory, and 8187MB of shared system memory, 0 output[s]
[2015.11.12-12.16.34:106][  0]LogD3D11RHI: Chosen D3D11 Adapter Id = 0
[2015.11.12-12.16.34:110][  0]LogD3D11RHI: !Direct3DDevice
[2015.11.12-12.16.34:110][  0]LogRHI: Texture pool is 681 MB (70% of 973 MB)
[2015.11.12-12.16.34:121][  0]LogD3D11RHI: Async texture creation enabled
[2015.11.12-12.16.34:139][  0]LogShaderCompilers: Guid format shader working directory is 16 characters bigger than the processId version (../../../../../../Users/Matster2/Documents/Unreal Projects/Year2-GroupProject/GroupProject/Intermediate/Shaders/WorkingDirectory/908/).
[2015.11.12-12.16.34:139][  0]LogShaderCompilers: Cleaned the shader compiler working directory '../../../../../../Users/Matster2/Documents/Unreal Projects/Year2-GroupProject/GroupProject/Intermediate/Shaders/tmp/1003ECDF4001A6FAE5894D97AC52B16C/'.
[2015.11.12-12.16.34:139][  0]LogShaderCompilers:Display: Using Local Shader Compiler.
[2015.11.12-12.16.35:358][  0]LogTemp:Display: Loaded TP AllDesktopTargetPlatform
[2015.11.12-12.16.35:365][  0]LogTemp:Display: Loaded TP WindowsClientTargetPlatform
[2015.11.12-12.16.35:371][  0]LogTemp:Display: Loaded TP WindowsNoEditorTargetPlatform
[2015.11.12-12.16.35:378][  0]LogTemp:Display: Loaded TP WindowsServerTargetPlatform
[2015.11.12-12.16.35:384][  0]LogTemp:Display: Loaded TP WindowsTargetPlatform
[2015.11.12-12.16.35:388][  0]LogTemp:Display: Loaded TP AndroidTargetPlatform
[2015.11.12-12.16.35:392][  0]LogTemp:Display: Loaded TP Android_ASTCTargetPlatform
[2015.11.12-12.16.35:396][  0]LogTemp:Display: Loaded TP Android_ATCTargetPlatform
[2015.11.12-12.16.35:399][  0]LogTemp:Display: Loaded TP Android_DXTTargetPlatform
[2015.11.12-12.16.35:403][  0]LogTemp:Display: Loaded TP Android_ETC1TargetPlatform
[2015.11.12-12.16.35:408][  0]LogTemp:Display: Loaded TP Android_ETC2TargetPlatform
[2015.11.12-12.16.35:412][  0]LogTemp:Display: Loaded TP Android_PVRTCTargetPlatform
[2015.11.12-12.16.35:412][  0]LogTemp:Display: Loaded TP HTML5TargetPlatform
[2015.11.12-12.16.35:431][  0]LogTemp:Display: Loaded TP IOSTargetPlatform
[2015.11.12-12.16.35:434][  0]LogTemp:Display: Loaded TP LinuxNoEditorTargetPlatform
[2015.11.12-12.16.35:438][  0]LogTemp:Display: Loaded TP LinuxServerTargetPlatform
[2015.11.12-12.16.35:442][  0]LogTemp:Display: Loaded TP LinuxTargetPlatform
[2015.11.12-12.16.35:442][  0]LogTargetPlatformManager:Display: Building Assets For Windows
[2015.11.12-12.16.35:542][  0]LogDerivedDataCache:Display: Max Cache Size: 512 MB
[2015.11.12-12.16.35:602][  0]LogDerivedDataCache: Loaded boot cache 0.06s 41MB D:/Users/Matster2/AppData/Local/UnrealEngine/4.9/DerivedDataCache/Boot.ddc.
[2015.11.12-12.16.35:602][  0]LogDerivedDataCache:Display: Loaded Boot cache: D:/Users/Matster2/AppData/Local/UnrealEngine/4.9/DerivedDataCache/Boot.ddc
[2015.11.12-12.16.35:602][  0]LogDerivedDataCache: FDerivedDataBackendGraph:  Pak pak cache file ../../../../../../Users/Matster2/Documents/Unreal Projects/Year2-GroupProject/GroupProject/DerivedDataCache/DDC.ddp not found, will not use a pak cache.
[2015.11.12-12.16.35:602][  0]LogDerivedDataCache: Unable to find inner node Pak for hierarchical cache Hierarchy.
[2015.11.12-12.16.35:602][  0]LogDerivedDataCache: FDerivedDataBackendGraph:  CompressedPak pak cache file ../../../../../../Users/Matster2/Documents/Unreal Projects/Year2-GroupProject/GroupProject/DerivedDataCache/Compressed.ddp not found, will not use a pak cache.
[2015.11.12-12.16.35:602][  0]LogDerivedDataCache: Unable to find inner node CompressedPak for hierarchical cache Hierarchy.
[2015.11.12-12.16.35:758][  0]LogDerivedDataCache:Display: Pak cache opened for reading ../../../Engine/DerivedDataCache/Compressed.ddp.
[2015.11.12-12.16.35:770][  0]LogDerivedDataCache: Using Local data cache path D:/Users/Matster2/AppData/Local/UnrealEngine/Common/DerivedDataCache: Writable
[2015.11.12-12.16.35:990][  0]LogInit: Selected Device Profile: [Windows]
[2015.11.12-12.16.35:995][  0]LogContentStreaming: Texture pool size is 0.000000MB
[2015.11.12-12.16.36:147][  0]LogMeshUtilities: No automatic mesh reduction module available
[2015.11.12-12.16.36:147][  0]LogMeshUtilities: No automatic mesh merging module available
[2015.11.12-12.16.36:451][  0]LogInit: WinSock: version 1.1 (2.2), MaxSocks=32767, MaxUdp=65467
[2015.11.12-12.16.37:328][  0]UdpMessaging: Initializing bridge on interface 0.0.0.0:0 to multicast group 230.0.0.1:6666.
[2015.11.12-12.16.37:446][  0]LogAssetRegistry: FAssetRegistry took 0.0112 seconds to start up
[2015.11.12-12.16.37:666][  0]SourceControl: Info Source control is disabled
[2015.11.12-12.16.37:678][  0]SourceControl: Info Source control is disabled
[2015.11.12-12.16.37:691][  0]SourceControl: Info Source control is disabled
[2015.11.12-12.16.37:703][  0]SourceControl: Info Source control is disabled
[2015.11.12-12.16.37:875][  0]LogLinker:Warning: Asset '../../../Engine/Plugins/Runtime/LeapMotionController/Content/LM_PassthroughMaterial.uasset' has been saved with empty engine version. The asset will be loaded but may be incompatible.
[2015.11.12-12.16.37:966][  0]LogObj: 28361 objects as part of root set at end of initial load.
[2015.11.12-12.16.37:966][  0]LogUObjectAllocator: 6038864 out of 0 bytes used by permanent object pool.
[2015.11.12-12.16.38:033][  0]LogEngine: Initializing Engine...
[2015.11.12-12.16.38:036][  0]LogHMD: Can't find Oculus library dev build: is proper Runtime installed? Version: 0.7.0.0
[2015.11.12-12.16.38:036][  0]LogHMD: SteamVR failed to initialize.  Err: 110
[2015.11.12-12.16.38:192][  0]LogAIModule: Creating AISystem for world NewWorld
[2015.11.12-12.16.38:218][  0]LogInit: XAudio2 using 'Speakers (SB Audigy)' : 8 channels at 48 kHz using 16 bits per sample (channel mask 0x63f)
[2015.11.12-12.16.38:238][  0]LogInit: FAudioDevice initialized.
[2015.11.12-12.16.38:266][  0]LogDerivedDataCache: Saved boot cache 0.03s 41MB D:/Users/Matster2/AppData/Local/UnrealEngine/4.9/DerivedDataCache/Boot.ddc.
[2015.11.12-12.16.38:276][  0]LogInit: Texture streaming: Enabled
[2015.11.12-12.16.38:283][  0]LogAnalytics: Creating configured Analytics provider AnalyticsET
[2015.11.12-12.16.38:283][  0]LogAnalytics: [UEEditor.Rocket.Release] APIServer = http://et2.epicgames.com/ET2/. AppVersion = 4.9.2-2707645+++depot+UE4-Releases+4.9
[2015.11.12-12.16.38:283][  0]LogAnalytics: [UEEditor.Rocket.Release] SetUserId d23866d745545b2700ba8a99a53d954c|9bcc6db43f1942b386c92187badb6b0f|62fc9719-2d1c-4657-973d-8b015d8e6451
[2015.11.12-12.16.38:283][  0]LogAnalytics: [UEEditor.Rocket.Release] AnalyticsET::StartSession
[2015.11.12-12.16.38:294][  0]LogWindowsTextInputMethodSystem:Display: IME system now deactivated.
[2015.11.12-12.16.38:312][  0]LogInit: Transaction tracking system initialized
[2015.11.12-12.16.38:345][  0]BlueprintLog: New page: Editor Load
[2015.11.12-12.16.38:441][  0]LocalizationService: Info Localization service is disabled
[2015.11.12-12.16.38:532][  0]LogConsoleResponse:Display: 
[2015.11.12-12.16.38:672][  0]LogCook:Display: Done creating registry. It took  0.00s.
[2015.11.12-12.16.38:740][  0]LogFileCache: Scanning file cache for directory 'D:/Users/Matster2/Documents/Unreal Projects/Year2-GroupProject/GroupProject/Content/' took 0.01s
[2015.11.12-12.16.38:740][  0]SourceControl: Info Source control is disabled
[2015.11.12-12.16.38:741][  0]Cmd: MAP LOAD FILE="../../../Engine/Content/Maps/Templates/Template_Default.umap" TEMPLATE=1 SHOWPROGRESS=1 FEATURELEVEL=3
[2015.11.12-12.16.38:741][  0]LightingResults: New page: Lighting Build
[2015.11.12-12.16.38:745][  0]MapCheck: New page: Map Check
[2015.11.12-12.16.38:745][  0]LightingResults: New page: Lighting Build
[2015.11.12-12.16.38:757][  0]LogParticles: Destroying 0 GPU particle simulations for FXSystem 0x000000DAD0066160
[2015.11.12-12.16.39:140][  0]LogAIModule: Creating AISystem for world Untitled_1
[2015.11.12-12.16.39:147][  0]LogEditorServer: Finished looking for orphan Actors (0.000 secs)
[2015.11.12-12.16.39:153][  0]Cmd: MAP CHECKDEP NOCLEARLOG
[2015.11.12-12.16.39:210][  0]MapCheck: Info Map check complete: 0 Error(s), 0 Warning(s), took 57.269ms to complete.
[2015.11.12-12.16.39:211][  0]LogFileHelpers: Loading map 'Template_Default' took 0.470
[2015.11.12-12.16.39:327][  0]LogCollectionManager: Loaded 0 collections in 0.003706 seconds
[2015.11.12-12.16.39:372][  0]LogFileCache: Scanning file cache for directory 'D:/Users/Matster2/Documents/Unreal Projects/Year2-GroupProject/GroupProject/Saved/Collections/' took 0.01s
[2015.11.12-12.16.39:372][  0]LogFileCache: Scanning file cache for directory 'D:/Users/Matster2/Documents/Unreal Projects/Year2-GroupProject/GroupProject/Content/Developers/Matster2/Collections/' took 0.01s
[2015.11.12-12.16.39:372][  0]LogFileCache: Scanning file cache for directory 'D:/Users/Matster2/Documents/Unreal Projects/Year2-GroupProject/GroupProject/Content/Collections/' took 0.01s
[2015.11.12-12.16.39:372][  0]LogContentBrowser: Native class hierarchy populated in 0.0110 seconds. Added 1867 classes and 333 folders.
[2015.11.12-12.16.39:379][  0]LogCollectionManager: Rebuilt the GUID cache for 0 collections in 0.000003 seconds
[2015.11.12-12.16.39:392][  0]LogContentBrowser: Native class hierarchy updated for 'WidgetCarousel' in 0.0004 seconds. Added 0 classes and 0 folders.
[2015.11.12-12.16.39:449][  0]LogContentBrowser: Native class hierarchy updated for 'AddContentDialog' in 0.0004 seconds. Added 0 classes and 0 folders.
[2015.11.12-12.16.39:454][  0]LogContentBrowser: Native class hierarchy updated for 'SceneOutliner' in 0.0004 seconds. Added 1 classes and 2 folders.
[2015.11.12-12.16.39:486][  0]LogCrashTracker: Crashtracker disabled due to settings.
[2015.11.12-12.16.39:491][  0]LogUObjectGlobals:Warning: Failed to find object 'Class None.'
[2015.11.12-12.16.39:514][  0]LogLoad: Full Startup: 6.98 seconds (BP compile: 0.06 seconds)
[2015.11.12-12.16.39:567][  0]LogContentStreaming: Texture pool size now 1000 MB
[2015.11.12-12.16.39:733][  0]LogRenderer: Reallocating scene render targets to support 1160x548 (Frame:2).
[2015.11.12-12.16.39:976][  4]LogAssetRegistry: Asset discovery search completed in 2.5421 seconds
[2015.11.12-12.16.39:977][  4]LogCollectionManager: Rebuilt the object cache for 0 collections in 0.000002 seconds (found 0 objects)
[2015.11.12-12.16.39:977][  4]LogCollectionManager: Fixed up redirectors for 0 collections in 0.000027 seconds (updated 0 objects)
[2015.11.12-12.16.49:773][274]LogLinker:Warning: Asset '../../../Engine/Content/ArtTools/RenderToTexture/Macros/RenderToTextureMacros.uasset' has been saved with empty engine version. The asset will be loaded but may be incompatible.
[2015.11.12-12.16.50:428][274]LogContentBrowser: Native class hierarchy updated for 'BlueprintGraph' in 0.0009 seconds. Added 107 classes and 0 folders.
[2015.11.12-12.17.08:556][ 89]LogEditorViewport: Clicking on Actor (LMB): StaticMeshActor (Floor)
[2015.11.12-12.17.09:313][129]LogEditorViewport: Clicking on Actor (LMB): Exterior_MainEnemy_C (Exterior_MainEnemy)
[2015.11.12-12.17.10:879][217]LogEditorViewport: Clicking on Actor (LMB): StaticMeshActor (Floor)
[2015.11.12-12.17.11:430][247]LogEditorViewport: Clicking on Actor (LMB): BP_Sky_Sphere_C (Sky Sphere)
[2015.11.12-12.17.45:408][507]LogActorComponent: UnregisterComponent: (/Engine/Transient.CharMoveComp) Not registered. Aborting.
[2015.11.12-12.17.45:436][507]LogParticles: Destroying 0 GPU particle simulations for FXSystem 0x000000DACBDA4D60
[2015.11.12-12.17.45:571][507]LogSavePackage: Save=86.093948ms
[2015.11.12-12.17.45:571][507]LogSavePackage: Moving '../../../../../../Users/Matster2/Documents/Unreal Projects/Year2-GroupProject/GroupProject/Saved/ExteriorLevel77B4C11E4481691B4CB9BA8151617D2F.tmp' to '../../../../../../Users/Matster2/Documents/Unreal Projects/Year2-GroupProject/GroupProject/Content/Maps/ExteriorLevel.umap'
[2015.11.12-12.17.45:572][507]LogSavePackage: Total save time: 88.747874ms
[2015.11.12-12.17.45:573][507]LogSavePackage:Warning: Finished SavePackage ../../../../../../Users/Matster2/Documents/Unreal Projects/Year2-GroupProject/GroupProject/Content/Maps/ExteriorLevel.umap
[2015.11.12-12.17.45:612][507]LogFileHelpers: Saving map 'ExteriorLevel' took 0.474
[2015.11.12-12.17.51:386][999]LogWindowsTextInputMethodSystem:Display: IME system now deactivated.
[2015.11.12-12.17.51:693][  0]Cmd: QUIT_EDITOR
[2015.11.12-12.17.51:999][  0]LogExit: Preparing to exit.
[2015.11.12-12.17.52:399][  0]LogExit: Editor shut down
[2015.11.12-12.17.52:399][  0]LogExit: Transaction tracking system shut down
[2015.11.12-12.17.52:401][  0]LogParticles: Destroying 0 GPU particle simulations for FXSystem 0x000000DAC1A03880
[2015.11.12-12.17.52:402][  0]LogParticles: Destroying 0 GPU particle simulations for FXSystem 0x000000DACBAD6DE0
[2015.11.12-12.17.52:402][  0]LogParticles: Destroying 0 GPU particle simulations for FXSystem 0x000000DADC141BC0
[2015.11.12-12.17.52:404][  0]LogParticles: Destroying 0 GPU particle simulations for FXSystem 0x000000DAFC1A5260
[2015.11.12-12.17.52:404][  0]LogParticles: Destroying 0 GPU particle simulations for FXSystem 0x000000DAFCDAC900
[2015.11.12-12.17.52:406][  0]LogParticles: Destroying 0 GPU particle simulations for FXSystem 0x000000DABF0A1D00
[2015.11.12-12.17.52:406][  0]LogParticles: Destroying 0 GPU particle simulations for FXSystem 0x000000DAEF1658A0
[2015.11.12-12.17.52:615][  0]LogExit: Object subsystem successfully closed.
[2015.11.12-12.17.52:632][  0]LogD3D11RHI: Shutdown
[2015.11.12-12.17.52:632][  0]LogD3D11RHI: CleanupD3DDevice
[2015.11.12-12.17.52:705][  0]LogD3D11RHI: ~FD3D11DynamicRHI
[2015.11.12-12.17.52:725][  0]LogModuleManager: Shutting down and abandoning module BlueprintGraph (198)
[2015.11.12-12.17.52:725][  0]LogModuleManager: Shutting down and abandoning module CrashTracker (197)
[2015.11.12-12.17.52:725][  0]LogModuleManager: Shutting down and abandoning module SceneOutliner (196)
[2015.11.12-12.17.52:725][  0]LogModuleManager: Shutting down and abandoning module SuperSearch (195)
[2015.11.12-12.17.52:725][  0]LogModuleManager: Shutting down and abandoning module WidgetCarousel (194)
[2015.11.12-12.17.52:725][  0]LogModuleManager: Shutting down and abandoning module AddContentDialog (193)
[2015.11.12-12.17.52:726][  0]LogModuleManager: Shutting down and abandoning module EditorWidgets (192)
[2015.11.12-12.17.52:726][  0]LogModuleManager: Shutting down and abandoning module CollectionManager (191)
[2015.11.12-12.17.52:727][  0]LogModuleManager: Shutting down and abandoning module StatsViewer (190)
[2015.11.12-12.17.52:727][  0]LogModuleManager: Shutting down and abandoning module FoliageEdit (189)
[2015.11.12-12.17.52:727][  0]LogModuleManager: Shutting down and abandoning module LandscapeEditor (188)
[2015.11.12-12.17.52:727][  0]LogModuleManager: Shutting down and abandoning module ActorPickerMode (187)
[2015.11.12-12.17.52:727][  0]LogModuleManager: Shutting down and abandoning module GeometryMode (186)
[2015.11.12-12.17.52:727][  0]LogModuleManager: Shutting down and abandoning module TextureAlignMode (185)
[2015.11.12-12.17.52:727][  0]LogModuleManager: Shutting down and abandoning module BspMode (184)
[2015.11.12-12.17.52:727][  0]LogModuleManager: Shutting down and abandoning module PlacementMode (183)
[2015.11.12-12.17.52:727][  0]LogModuleManager: Shutting down and abandoning module AutomationWorker (182)
[2015.11.12-12.17.52:727][  0]LogModuleManager: Shutting down and abandoning module CharacterAI (181)
[2015.11.12-12.17.52:727][  0]LogModuleManager: Shutting down and abandoning module SmartSnapping (180)
[2015.11.12-12.17.52:727][  0]LogModuleManager: Shutting down and abandoning module ViewportSnapping (179)
[2015.11.12-12.17.52:727][  0]LogModuleManager: Shutting down and abandoning module LogVisualizer (178)
[2015.11.12-12.17.52:727][  0]LogModuleManager: Shutting down and abandoning module GameProjectGeneration (177)
[2015.11.12-12.17.52:727][  0]LogModuleManager: Shutting down and abandoning module IntroTutorials (176)
[2015.11.12-12.17.52:728][  0]LogModuleManager: Shutting down and abandoning module EditorLiveStreaming (175)
[2015.11.12-12.17.52:728][  0]LogModuleManager: Shutting down and abandoning module IOSPlatformEditor (174)
[2015.11.12-12.17.52:728][  0]LogModuleManager: Shutting down and abandoning module HTML5PlatformEditor (173)
[2015.11.12-12.17.52:728][  0]LogModuleManager: Shutting down and abandoning module AndroidDeviceDetection (172)
[2015.11.12-12.17.53:496][  0]LogModuleManager: Shutting down and abandoning module AndroidPlatformEditor (171)
[2015.11.12-12.17.53:496][  0]LogModuleManager: Shutting down and abandoning module IOSRuntimeSettings (170)
[2015.11.12-12.17.53:496][  0]LogModuleManager: Shutting down and abandoning module AndroidRuntimeSettings (169)
[2015.11.12-12.17.53:496][  0]LogModuleManager: Shutting down and abandoning module MergeActors (168)
[2015.11.12-12.17.53:496][  0]LogModuleManager: Shutting down and abandoning module SizeMap (167)
[2015.11.12-12.17.53:496][  0]LogModuleManager: Shutting down and abandoning module TreeMap (166)
[2015.11.12-12.17.53:496][  0]LogModuleManager: Shutting down and abandoning module ReferenceViewer (165)
[2015.11.12-12.17.53:496][  0]LogModuleManager: Shutting down and abandoning module LocalizationService (164)
[2015.11.12-12.17.53:496][  0]LogModuleManager: Shutting down and abandoning module LocalizationDashboard (163)
[2015.11.12-12.17.53:496][  0]LogModuleManager: Shutting down and abandoning module HardwareTargeting (162)
[2015.11.12-12.17.53:496][  0]LogModuleManager: Shutting down and abandoning module DeviceProfileEditor (161)
[2015.11.12-12.17.53:496][  0]LogModuleManager: Shutting down and abandoning module UndoHistory (160)
[2015.11.12-12.17.53:496][  0]LogModuleManager: Shutting down and abandoning module GameplayTagsEditor (159)
[2015.11.12-12.17.53:496][  0]LogModuleManager: Shutting down and abandoning module UserFeedback (158)
[2015.11.12-12.17.53:496][  0]LogModuleManager: Shutting down and abandoning module XmlParser (157)
[2015.11.12-12.17.53:496][  0]LogModuleManager: Shutting down and abandoning module Blutility (156)
[2015.11.12-12.17.53:496][  0]LogModuleManager: Shutting down and abandoning module ProjectTargetPlatformEditor (155)
[2015.11.12-12.17.53:496][  0]LogModuleManager: Shutting down and abandoning module ProjectSettingsViewer (154)
[2015.11.12-12.17.53:496][  0]LogModuleManager: Shutting down and abandoning module InputBindingEditor (153)
[2015.11.12-12.17.53:496][  0]LogModuleManager: Shutting down and abandoning module EditorSettingsViewer (152)
[2015.11.12-12.17.53:496][  0]LogModuleManager: Shutting down and abandoning module SettingsEditor (151)
[2015.11.12-12.17.53:496][  0]LogModuleManager: Shutting down and abandoning module ProjectLauncher (150)
[2015.11.12-12.17.53:496][  0]LogModuleManager: Shutting down and abandoning module SessionFrontend (149)
[2015.11.12-12.17.53:496][  0]LogModuleManager: Shutting down and abandoning module ProfilerClient (148)
[2015.11.12-12.17.53:496][  0]LogModuleManager: Shutting down and abandoning module TargetDeviceServices (147)
[2015.11.12-12.17.53:496][  0]LogModuleManager: Shutting down and abandoning module DeviceManager (146)
[2015.11.12-12.17.53:497][  0]LogModuleManager: Shutting down and abandoning module AutomationController (145)
[2015.11.12-12.17.53:497][  0]LogModuleManager: Shutting down and abandoning module AutomationWindow (144)
[2015.11.12-12.17.53:497][  0]LogModuleManager: Shutting down and abandoning module Layers (143)
[2015.11.12-12.17.53:497][  0]LogModuleManager: Shutting down and abandoning module ComponentVisualizers (142)
[2015.11.12-12.17.53:497][  0]LogModuleManager: Shutting down and abandoning module DetailCustomizations (141)
[2015.11.12-12.17.53:497][  0]LogModuleManager: Shutting down and abandoning module PackagesDialog (140)
[2015.11.12-12.17.53:497][  0]LogModuleManager: Shutting down and abandoning module Persona (139)
[2015.11.12-12.17.53:497][  0]LogModuleManager: Shutting down and abandoning module Kismet (138)
[2015.11.12-12.17.53:497][  0]LogModuleManager: Shutting down and abandoning module GraphEditor (137)
[2015.11.12-12.17.53:497][  0]LogModuleManager: Shutting down and abandoning module ClassViewer (136)
[2015.11.12-12.17.53:497][  0]LogModuleManager: Shutting down and abandoning module Toolbox (135)
[2015.11.12-12.17.53:497][  0]LogModuleManager: Shutting down and abandoning module ModuleUI (134)
[2015.11.12-12.17.53:497][  0]LogModuleManager: Shutting down and abandoning module MovieSceneTools (133)
[2015.11.12-12.17.53:497][  0]LogModuleManager: Shutting down and abandoning module OutputLog (132)
[2015.11.12-12.17.53:497][  0]LogModuleManager: Shutting down and abandoning module GammaUI (131)
[2015.11.12-12.17.53:497][  0]LogModuleManager: Shutting down and abandoning module Documentation (130)
[2015.11.12-12.17.53:497][  0]LogModuleManager: Shutting down and abandoning module GameLiveStreaming (129)
[2015.11.12-12.17.53:497][  0]LogModuleManager: Shutting down and abandoning module StreamingPauseRendering (128)
[2015.11.12-12.17.53:497][  0]LogModuleManager: Shutting down and abandoning module AnalyticsET (127)
[2015.11.12-12.17.53:497][  0]LogModuleManager: Shutting down and abandoning module Analytics (126)
[2015.11.12-12.17.53:497][  0]LogModuleManager: Shutting down and abandoning module AITestSuite (125)
[2015.11.12-12.17.53:497][  0]LogModuleManager: Shutting down and abandoning module GameplayDebugger (124)
[2015.11.12-12.17.53:497][  0]LogModuleManager: Shutting down and abandoning module AIModule (123)
[2015.11.12-12.17.53:497][  0]LogModuleManager: Shutting down and abandoning module ProfilerService (122)
[2015.11.12-12.17.53:730][  0]LogModuleManager: Shutting down and abandoning module TaskGraph (121)
[2015.11.12-12.17.53:730][  0]LogModuleManager: Shutting down and abandoning module SlateRemote (120)
[2015.11.12-12.17.53:730][  0]LogModuleManager: Shutting down and abandoning module SteamVRController (119)
[2015.11.12-12.17.53:730][  0]LogModuleManager: Shutting down and abandoning module SteamVR (118)
[2015.11.12-12.17.53:730][  0]LogModuleManager: Shutting down and abandoning module ProceduralMeshComponent (117)
[2015.11.12-12.17.53:730][  0]LogModuleManager: Shutting down and abandoning module OculusRift (116)
[2015.11.12-12.17.53:730][  0]LogModuleManager: Shutting down and abandoning module OculusLibrary (115)
[2015.11.12-12.17.53:730][  0]LogModuleManager: Shutting down and abandoning module LeapMotionController (114)
[2015.11.12-12.17.53:747][  0]LogModuleManager: Shutting down and abandoning module CustomMeshComponent (113)
[2015.11.12-12.17.53:747][  0]LogModuleManager: Shutting down and abandoning module CableComponent (112)
[2015.11.12-12.17.53:747][  0]LogModuleManager: Shutting down and abandoning module ArchVisCharacter (111)
[2015.11.12-12.17.53:747][  0]LogModuleManager: Shutting down and abandoning module MessagingDebugger (110)
[2015.11.12-12.17.53:747][  0]LogModuleManager: Shutting down and abandoning module MediaPlayerEditor (109)
[2015.11.12-12.17.53:747][  0]LogModuleManager: Shutting down and abandoning module HTML5Networking (108)
[2015.11.12-12.17.53:747][  0]LogModuleManager: Shutting down and abandoning module SpeedTreeImporter (107)
[2015.11.12-12.17.53:747][  0]LogModuleManager: Shutting down and abandoning module PluginBrowser (106)
[2015.11.12-12.17.53:747][  0]LogModuleManager: Shutting down and abandoning module EpicSurvey (105)
[2015.11.12-12.17.53:747][  0]LogModuleManager: Shutting down and abandoning module DesktopPlatform (104)
[2015.11.12-12.17.53:747][  0]LogModuleManager: Shutting down and abandoning module VisualStudioSourceCodeAccess (103)
[2015.11.12-12.17.53:747][  0]LogModuleManager: Shutting down and abandoning module UObjectPlugin (102)
[2015.11.12-12.17.53:747][  0]LogModuleManager: Shutting down and abandoning module SubversionSourceControl (101)
[2015.11.12-12.17.53:747][  0]LogModuleManager: Shutting down and abandoning module PerforceSourceControl (100)
[2015.11.12-12.17.53:747][  0]LogModuleManager: Shutting down and abandoning module SourceControl (99)
[2015.11.12-12.17.53:747][  0]LogModuleManager: Shutting down and abandoning module GitSourceControl (98)
[2015.11.12-12.17.53:747][  0]LogModuleManager: Shutting down and abandoning module LightPropagationVolumeEditor (97)
[2015.11.12-12.17.53:747][  0]LogModuleManager: Shutting down and abandoning module PaperTiledImporter (96)
[2015.11.12-12.17.53:747][  0]LogModuleManager: Shutting down and abandoning module PaperSpriteSheetImporter (95)
[2015.11.12-12.17.53:747][  0]LogModuleManager: Shutting down and abandoning module MeshPaint (94)
[2015.11.12-12.17.53:747][  0]LogModuleManager: Shutting down and abandoning module SlateReflector (93)
[2015.11.12-12.17.53:747][  0]LogModuleManager: Shutting down and abandoning module HotReload (92)
[2015.11.12-12.17.53:747][  0]LogModuleManager: Shutting down and abandoning module MainFrame (91)
[2015.11.12-12.17.53:747][  0]LogModuleManager: Shutting down and abandoning module LevelEditor (90)
[2015.11.12-12.17.53:748][  0]LogModuleManager: Shutting down and abandoning module DirectoryWatcher (89)
[2015.11.12-12.17.53:749][  0]LogModuleManager: Shutting down and abandoning module AssetRegistry (88)
[2015.11.12-12.17.53:868][  0]LogModuleManager: Shutting down and abandoning module ContentBrowser (87)
[2015.11.12-12.17.53:868][  0]LogModuleManager: Shutting down and abandoning module Paper2DEditor (86)
[2015.11.12-12.17.53:868][  0]LogModuleManager: Shutting down and abandoning module UdpMessaging (85)
[2015.11.12-12.17.53:969][  0]LogModuleManager: Shutting down and abandoning module LightPropagationVolumeRuntime (84)
[2015.11.12-12.17.53:969][  0]LogModuleManager: Shutting down and abandoning module Paper2D (83)
[2015.11.12-12.17.53:969][  0]LogModuleManager: Shutting down and abandoning module WindowsMoviePlayer (82)
[2015.11.12-12.17.53:971][  0]LogModuleManager: Shutting down and abandoning module Media (81)
[2015.11.12-12.17.53:971][  0]LogModuleManager: Shutting down and abandoning module WmfMedia (80)
[2015.11.12-12.17.53:971][  0]LogModuleManager: Shutting down and abandoning module OnlineBlueprintSupport (79)
[2015.11.12-12.17.53:971][  0]LogModuleManager: Shutting down and abandoning module GameplayTasksEditor (78)
[2015.11.12-12.17.53:971][  0]LogModuleManager: Shutting down and abandoning module PropertyEditor (77)
[2015.11.12-12.17.53:971][  0]LogModuleManager: Shutting down and abandoning module BehaviorTreeEditor (76)
[2015.11.12-12.17.53:971][  0]LogModuleManager: Shutting down and abandoning module FunctionalTesting (75)
[2015.11.12-12.17.53:971][  0]LogModuleManager: Shutting down and abandoning module CollisionAnalyzer (74)
[2015.11.12-12.17.53:971][  0]LogModuleManager: Shutting down and abandoning module WorkspaceMenuStructure (73)
[2015.11.12-12.17.53:971][  0]LogModuleManager: Shutting down and abandoning module MessageLog (72)
[2015.11.12-12.17.53:971][  0]LogModuleManager: Shutting down and abandoning module Sequencer (71)
[2015.11.12-12.17.53:972][  0]LogModuleManager: Shutting down and abandoning module AssetTools (70)
[2015.11.12-12.17.53:972][  0]LogModuleManager: Shutting down and abandoning module UMGEditor (69)
[2015.11.12-12.17.53:972][  0]LogModuleManager: Shutting down and abandoning module UMG (68)
[2015.11.12-12.17.53:972][  0]LogModuleManager: Shutting down and abandoning module Slate (67)
[2015.11.12-12.17.53:972][  0]LogModuleManager: Shutting down and abandoning module EditorStyle (66)
[2015.11.12-12.17.53:974][  0]LogModuleManager: Shutting down and abandoning module SessionServices (65)
[2015.11.12-12.17.53:974][  0]LogModuleManager: Shutting down and abandoning module SourceCodeAccess (64)
[2015.11.12-12.17.53:974][  0]LogModuleManager: Shutting down and abandoning module HeadMountedDisplay (63)
[2015.11.12-12.17.53:974][  0]LogModuleManager: Shutting down and abandoning module XAudio2 (62)
[2015.11.12-12.17.53:974][  0]LogModuleManager: Shutting down and abandoning module Networking (60)
[2015.11.12-12.17.53:974][  0]LogModuleManager: Shutting down and abandoning module Core (59)
[2015.11.12-12.17.53:974][  0]LogModuleManager: Shutting down and abandoning module KismetCompiler (58)
[2015.11.12-12.17.53:974][  0]LogModuleManager: Shutting down and abandoning module PhysXFormats (57)
[2015.11.12-12.17.53:974][  0]LogModuleManager: Shutting down and abandoning module MeshUtilities (56)
[2015.11.12-12.17.53:974][  0]LogModuleManager: Shutting down and abandoning module CookingStats (55)
[2015.11.12-12.17.53:974][  0]LogModuleManager: Shutting down and abandoning module DerivedDataCache (54)
[2015.11.12-12.17.54:273][  0]LogDerivedDataCache: Shutdown
[2015.11.12-12.17.54:273][  0]LogModuleManager: Shutting down and abandoning module ShaderFormatOpenGL (53)
[2015.11.12-12.17.54:273][  0]LogModuleManager: Shutting down and abandoning module ShaderFormatD3D (52)
[2015.11.12-12.17.54:273][  0]LogModuleManager: Shutting down and abandoning module MetalShaderFormat (51)
[2015.11.12-12.17.54:273][  0]LogModuleManager: Shutting down and abandoning module TextureFormatUncompressed (50)
[2015.11.12-12.17.54:273][  0]LogModuleManager: Shutting down and abandoning module TextureFormatPVR (49)
[2015.11.12-12.17.54:273][  0]LogModuleManager: Shutting down and abandoning module TextureFormatIntelISPCTexComp (48)
[2015.11.12-12.17.54:273][  0]LogModuleManager: Shutting down and abandoning module TextureFormatDXT (47)
[2015.11.12-12.17.54:273][  0]LogModuleManager: Shutting down and abandoning module ImageWrapper (46)
[2015.11.12-12.17.54:273][  0]LogModuleManager: Shutting down and abandoning module TextureFormatASTC (45)
[2015.11.12-12.17.54:273][  0]LogModuleManager: Shutting down and abandoning module TextureFormatAndroid (44)
[2015.11.12-12.17.54:273][  0]LogModuleManager: Shutting down and abandoning module AudioFormatOpus (43)
[2015.11.12-12.17.54:273][  0]LogModuleManager: Shutting down and abandoning module AudioFormatOgg (42)
[2015.11.12-12.17.54:273][  0]LogModuleManager: Shutting down and abandoning module AudioFormatADPCM (41)
[2015.11.12-12.17.54:273][  0]LogModuleManager: Shutting down and abandoning module LinuxTargetPlatform (40)
[2015.11.12-12.17.54:273][  0]LogModuleManager: Shutting down and abandoning module LinuxServerTargetPlatform (39)
[2015.11.12-12.17.54:273][  0]LogModuleManager: Shutting down and abandoning module LinuxNoEditorTargetPlatform (38)
[2015.11.12-12.17.54:273][  0]LogModuleManager: Shutting down and abandoning module Messaging (37)
[2015.11.12-12.17.54:273][  0]LogModuleManager: Shutting down and abandoning module IOSTargetPlatform (36)
[2015.11.12-12.17.54:273][  0]LogModuleManager: Shutting down and abandoning module HTML5TargetPlatform (35)
[2015.11.12-12.17.54:273][  0]LogModuleManager: Shutting down and abandoning module Android_PVRTCTargetPlatform (34)
[2015.11.12-12.17.54:273][  0]LogModuleManager: Shutting down and abandoning module Android_ETC2TargetPlatform (33)
[2015.11.12-12.17.54:273][  0]LogModuleManager: Shutting down and abandoning module Android_ETC1TargetPlatform (32)
[2015.11.12-12.17.54:273][  0]LogModuleManager: Shutting down and abandoning module Android_DXTTargetPlatform (31)
[2015.11.12-12.17.54:273][  0]LogModuleManager: Shutting down and abandoning module Android_ATCTargetPlatform (30)
[2015.11.12-12.17.54:273][  0]LogModuleManager: Shutting down and abandoning module Android_ASTCTargetPlatform (29)
[2015.11.12-12.17.54:273][  0]LogModuleManager: Shutting down and abandoning module AndroidTargetPlatform (28)
[2015.11.12-12.17.54:273][  0]LogModuleManager: Shutting down and abandoning module WindowsTargetPlatform (27)
[2015.11.12-12.17.54:273][  0]LogModuleManager: Shutting down and abandoning module WindowsServerTargetPlatform (26)
[2015.11.12-12.17.54:273][  0]LogModuleManager: Shutting down and abandoning module WindowsNoEditorTargetPlatform (25)
[2015.11.12-12.17.54:273][  0]LogModuleManager: Shutting down and abandoning module WindowsClientTargetPlatform (24)
[2015.11.12-12.17.54:273][  0]LogModuleManager: Shutting down and abandoning module AllDesktopTargetPlatform (23)
[2015.11.12-12.17.54:273][  0]LogModuleManager: Shutting down and abandoning module TargetPlatform (22)
[2015.11.12-12.17.54:273][  0]LogModuleManager: Shutting down and abandoning module InputCore (21)
[2015.11.12-12.17.54:273][  0]LogModuleManager: Shutting down and abandoning module Settings (20)
[2015.11.12-12.17.54:273][  0]LogModuleManager: Shutting down and abandoning module OnlineSubsystem (18)
[2015.11.12-12.17.54:273][  0]LogModuleManager: Shutting down and abandoning module HTTP (17)
[2015.11.12-12.17.55:276][  0]LogModuleManager: Shutting down and abandoning module XMPP (16)
[2015.11.12-12.17.55:276][  0]LogModuleManager: Shutting down and abandoning module ExampleDeviceProfileSelector (15)
[2015.11.12-12.17.55:276][  0]LogModuleManager: Shutting down and abandoning module TextureCompressor (14)
[2015.11.12-12.17.55:276][  0]LogModuleManager: Shutting down and abandoning module ShaderCore (13)
[2015.11.12-12.17.55:276][  0]LogModuleManager: Shutting down and abandoning module Landscape (12)
[2015.11.12-12.17.55:276][  0]LogModuleManager: Shutting down and abandoning module SlateRHIRenderer (11)
[2015.11.12-12.17.55:279][  0]LogModuleManager: Shutting down and abandoning module OpenGLDrv (10)
[2015.11.12-12.17.55:280][  0]LogModuleManager: Shutting down and abandoning module D3D11RHI (9)
[2015.11.12-12.17.55:280][  0]LogModuleManager: Shutting down and abandoning module AnimGraphRuntime (8)
[2015.11.12-12.17.55:280][  0]LogModuleManager: Shutting down and abandoning module Renderer (7)
[2015.11.12-12.17.55:280][  0]LogModuleManager: Shutting down and abandoning module Engine (6)
[2015.11.12-12.17.55:280][  0]LogModuleManager: Shutting down and abandoning module CoreUObject (5)
[2015.11.12-12.17.55:280][  0]LogModuleManager: Shutting down and abandoning module NetworkFile (4)
[2015.11.12-12.17.55:280][  0]LogModuleManager: Shutting down and abandoning module StreamingFile (3)
[2015.11.12-12.17.55:280][  0]LogModuleManager: Shutting down and abandoning module SandboxFile (2)
[2015.11.12-12.17.55:280][  0]LogModuleManager: Shutting down and abandoning module PakFile (1)
[2015.11.12-12.17.55:280][  0]LogExit: Exiting.
[2015.11.12-12.17.55:299][  0]Log file closed, 11/12/15 12:17:55
