[2015.11.12-12.19.15:044][  0]Log file open, 11/12/15 12:19:15
[2015.11.12-12.19.15:044][  0]LogInit:Display: Running engine for game: GroupProject
[2015.11.12-12.19.15:044][  0]LogInit:Display: RandInit(1365158655) SRandInit(1365158656).
[2015.11.12-12.19.15:044][  0]LogTaskGraph: Started task graph with 4 named threads and 7 total threads.
[2015.11.12-12.19.15:044][  0]LogStats: Stats thread started at 0.088143
[2015.11.12-12.19.15:044][  0]LogInit: Version: 4.9.2-2707645+++depot+UE4-Releases+4.9
[2015.11.12-12.19.15:044][  0]LogInit: API Version: 2672455
[2015.11.12-12.19.15:044][  0]LogInit: Compiled (64-bit): Sep 28 2015 10:25:44
[2015.11.12-12.19.15:044][  0]LogInit: Compiled with Visual C++: 18.00.21005.01
[2015.11.12-12.19.15:044][  0]LogInit: Build Configuration: Development
[2015.11.12-12.19.15:044][  0]LogInit: Branch Name: ++depot+UE4-Releases+4.9
[2015.11.12-12.19.15:044][  0]LogInit: Command line: 
[2015.11.12-12.19.15:044][  0]LogInit: Base directory: D:/Program Files/Epic Games/4.9/Engine/Binaries/Win64/
[2015.11.12-12.19.15:044][  0]LogInit: Rocket: 1
[2015.11.12-12.19.15:054][  0]LogInit: Using libcurl 7.41.0
[2015.11.12-12.19.15:054][  0]LogInit:  - built for x86_64-pc-win32
[2015.11.12-12.19.15:054][  0]LogInit:  - supports SSL with WinSSL
[2015.11.12-12.19.15:054][  0]LogInit:  - other features:
[2015.11.12-12.19.15:054][  0]LogInit:      CURL_VERSION_SSL
[2015.11.12-12.19.15:054][  0]LogInit:      CURL_VERSION_IPV6
[2015.11.12-12.19.15:054][  0]LogInit:      CURL_VERSION_ASYNCHDNS
[2015.11.12-12.19.15:054][  0]LogInit:      CURL_VERSION_LARGEFILE
[2015.11.12-12.19.15:054][  0]LogInit:      CURL_VERSION_IDN
[2015.11.12-12.19.15:054][  0]LogInit:  CurlRequestOptions (configurable via config and command line):
[2015.11.12-12.19.15:054][  0]LogInit:  - bVerifyPeer = true  - Libcurl will verify peer certificate
[2015.11.12-12.19.15:054][  0]LogInit:  - bUseHttpProxy = false  - Libcurl will NOT use HTTP proxy
[2015.11.12-12.19.15:054][  0]LogInit:  - bDontReuseConnections = false  - Libcurl will reuse connections
[2015.11.12-12.19.15:054][  0]LogInit:  - CertBundlePath = nullptr  - Libcurl will use whatever was configured at build time.
[2015.11.12-12.19.15:062][  0]LogInit: Presizing for 0 objects not considered by GC, pre-allocating 0 bytes.
[2015.11.12-12.19.15:072][  0]LogInit: Object subsystem initialized
[2015.11.12-12.19.15:073][  0]LogInit: Selected Device Profile: [Windows]
[2015.11.12-12.19.15:073][  0]LogInit: Applying CVar settings loaded from the selected device profile: [Windows]
[2015.11.12-12.19.15:084][  0]LogInit: Computer: MATSTER2-PC
[2015.11.12-12.19.15:084][  0]LogInit: User: Matster2
[2015.11.12-12.19.15:084][  0]LogInit: CPU Page size=4096, Cores=4
[2015.11.12-12.19.15:084][  0]LogInit: High frequency timer resolution =3.001593 MHz
[2015.11.12-12.19.15:084][  0]LogMemory: Memory total: Physical=16.0GB (16GB approx)
[2015.11.12-12.19.15:084][  0]LogMemory: Platform Memory Stats for Windows
[2015.11.12-12.19.15:084][  0]LogMemory: Process Physical Memory: 53.84 MB used, 53.84 MB peak
[2015.11.12-12.19.15:084][  0]LogMemory: Process Virtual Memory: 57.28 MB used, 57.28 MB peak
[2015.11.12-12.19.15:084][  0]LogMemory: Physical Memory: 4977.41 MB used, 16375.11 MB total
[2015.11.12-12.19.15:084][  0]LogMemory: Virtual Memory: 367.25 MB used, 134217728.00 MB total
[2015.11.12-12.19.15:113][  0]LogTextLocalizationManager: No specific translations for ('en-GB') exist, so ('en') translations will be used.
[2015.11.12-12.19.15:954][  0]LogD3D11RHI: Found D3D11 adapter 0: NVIDIA GeForce GTX 460 (Feature Level 11_0)
[2015.11.12-12.19.15:954][  0]LogD3D11RHI: Adapter has 973MB of dedicated video memory, 0MB of dedicated system memory, and 3071MB of shared system memory, 2 output[s]
[2015.11.12-12.19.15:955][  0]LogD3D11RHI: Found D3D11 adapter 1: Microsoft Basic Render Driver (Feature Level 11_0)
[2015.11.12-12.19.15:955][  0]LogD3D11RHI: Adapter has 0MB of dedicated video memory, 0MB of dedicated system memory, and 8187MB of shared system memory, 0 output[s]
[2015.11.12-12.19.15:955][  0]LogD3D11RHI: Chosen D3D11 Adapter Id = 0
[2015.11.12-12.19.15:959][  0]LogD3D11RHI: !Direct3DDevice
[2015.11.12-12.19.15:959][  0]LogRHI: Texture pool is 681 MB (70% of 973 MB)
[2015.11.12-12.19.15:971][  0]LogD3D11RHI: Async texture creation enabled
[2015.11.12-12.19.15:988][  0]LogShaderCompilers: Guid format shader working directory is 15 characters bigger than the processId version (../../../../../../Users/Matster2/Documents/Unreal Projects/Year2-GroupProject/GroupProject/Intermediate/Shaders/WorkingDirectory/6916/).
[2015.11.12-12.19.15:988][  0]LogShaderCompilers: Cleaned the shader compiler working directory '../../../../../../Users/Matster2/Documents/Unreal Projects/Year2-GroupProject/GroupProject/Intermediate/Shaders/tmp/47D59A6B45C1F2909C2BB4AA23C0AA66/'.
[2015.11.12-12.19.15:988][  0]LogShaderCompilers:Display: Using Local Shader Compiler.
[2015.11.12-12.19.17:226][  0]LogTemp:Display: Loaded TP AllDesktopTargetPlatform
[2015.11.12-12.19.17:233][  0]LogTemp:Display: Loaded TP WindowsClientTargetPlatform
[2015.11.12-12.19.17:239][  0]LogTemp:Display: Loaded TP WindowsNoEditorTargetPlatform
[2015.11.12-12.19.17:245][  0]LogTemp:Display: Loaded TP WindowsServerTargetPlatform
[2015.11.12-12.19.17:252][  0]LogTemp:Display: Loaded TP WindowsTargetPlatform
[2015.11.12-12.19.17:256][  0]LogTemp:Display: Loaded TP AndroidTargetPlatform
[2015.11.12-12.19.17:260][  0]LogTemp:Display: Loaded TP Android_ASTCTargetPlatform
[2015.11.12-12.19.17:264][  0]LogTemp:Display: Loaded TP Android_ATCTargetPlatform
[2015.11.12-12.19.17:268][  0]LogTemp:Display: Loaded TP Android_DXTTargetPlatform
[2015.11.12-12.19.17:272][  0]LogTemp:Display: Loaded TP Android_ETC1TargetPlatform
[2015.11.12-12.19.17:276][  0]LogTemp:Display: Loaded TP Android_ETC2TargetPlatform
[2015.11.12-12.19.17:280][  0]LogTemp:Display: Loaded TP Android_PVRTCTargetPlatform
[2015.11.12-12.19.17:281][  0]LogTemp:Display: Loaded TP HTML5TargetPlatform
[2015.11.12-12.19.17:299][  0]LogTemp:Display: Loaded TP IOSTargetPlatform
[2015.11.12-12.19.17:302][  0]LogTemp:Display: Loaded TP LinuxNoEditorTargetPlatform
[2015.11.12-12.19.17:306][  0]LogTemp:Display: Loaded TP LinuxServerTargetPlatform
[2015.11.12-12.19.17:310][  0]LogTemp:Display: Loaded TP LinuxTargetPlatform
[2015.11.12-12.19.17:310][  0]LogTargetPlatformManager:Display: Building Assets For Windows
[2015.11.12-12.19.17:412][  0]LogDerivedDataCache:Display: Max Cache Size: 512 MB
[2015.11.12-12.19.17:472][  0]LogDerivedDataCache: Loaded boot cache 0.06s 41MB D:/Users/Matster2/AppData/Local/UnrealEngine/4.9/DerivedDataCache/Boot.ddc.
[2015.11.12-12.19.17:472][  0]LogDerivedDataCache:Display: Loaded Boot cache: D:/Users/Matster2/AppData/Local/UnrealEngine/4.9/DerivedDataCache/Boot.ddc
[2015.11.12-12.19.17:472][  0]LogDerivedDataCache: FDerivedDataBackendGraph:  Pak pak cache file ../../../../../../Users/Matster2/Documents/Unreal Projects/Year2-GroupProject/GroupProject/DerivedDataCache/DDC.ddp not found, will not use a pak cache.
[2015.11.12-12.19.17:472][  0]LogDerivedDataCache: Unable to find inner node Pak for hierarchical cache Hierarchy.
[2015.11.12-12.19.17:472][  0]LogDerivedDataCache: FDerivedDataBackendGraph:  CompressedPak pak cache file ../../../../../../Users/Matster2/Documents/Unreal Projects/Year2-GroupProject/GroupProject/DerivedDataCache/Compressed.ddp not found, will not use a pak cache.
[2015.11.12-12.19.17:472][  0]LogDerivedDataCache: Unable to find inner node CompressedPak for hierarchical cache Hierarchy.
[2015.11.12-12.19.17:629][  0]LogDerivedDataCache:Display: Pak cache opened for reading ../../../Engine/DerivedDataCache/Compressed.ddp.
[2015.11.12-12.19.17:641][  0]LogDerivedDataCache: Using Local data cache path D:/Users/Matster2/AppData/Local/UnrealEngine/Common/DerivedDataCache: Writable
[2015.11.12-12.19.17:862][  0]LogInit: Selected Device Profile: [Windows]
[2015.11.12-12.19.17:867][  0]LogContentStreaming: Texture pool size is 0.000000MB
[2015.11.12-12.19.18:018][  0]LogMeshUtilities: No automatic mesh reduction module available
[2015.11.12-12.19.18:018][  0]LogMeshUtilities: No automatic mesh merging module available
[2015.11.12-12.19.18:334][  0]LogInit: WinSock: version 1.1 (2.2), MaxSocks=32767, MaxUdp=65467
[2015.11.12-12.19.19:190][  0]UdpMessaging: Initializing bridge on interface 0.0.0.0:0 to multicast group 230.0.0.1:6666.
[2015.11.12-12.19.19:306][  0]LogAssetRegistry: FAssetRegistry took 0.0106 seconds to start up
[2015.11.12-12.19.19:510][  0]SourceControl: Info Source control is disabled
[2015.11.12-12.19.19:520][  0]SourceControl: Info Source control is disabled
[2015.11.12-12.19.19:537][  0]SourceControl: Info Source control is disabled
[2015.11.12-12.19.19:552][  0]SourceControl: Info Source control is disabled
[2015.11.12-12.19.19:731][  0]LogLinker:Warning: Asset '../../../Engine/Plugins/Runtime/LeapMotionController/Content/LM_PassthroughMaterial.uasset' has been saved with empty engine version. The asset will be loaded but may be incompatible.
[2015.11.12-12.19.19:823][  0]LogObj: 28361 objects as part of root set at end of initial load.
[2015.11.12-12.19.19:823][  0]LogUObjectAllocator: 6038864 out of 0 bytes used by permanent object pool.
[2015.11.12-12.19.19:890][  0]LogEngine: Initializing Engine...
[2015.11.12-12.19.19:892][  0]LogHMD: Can't find Oculus library dev build: is proper Runtime installed? Version: 0.7.0.0
[2015.11.12-12.19.19:892][  0]LogHMD: SteamVR failed to initialize.  Err: 110
[2015.11.12-12.19.20:050][  0]LogAIModule: Creating AISystem for world NewWorld
[2015.11.12-12.19.20:075][  0]LogInit: XAudio2 using 'Speakers (SB Audigy)' : 8 channels at 48 kHz using 16 bits per sample (channel mask 0x63f)
[2015.11.12-12.19.20:096][  0]LogInit: FAudioDevice initialized.
[2015.11.12-12.19.20:121][  0]LogDerivedDataCache: Saved boot cache 0.03s 41MB D:/Users/Matster2/AppData/Local/UnrealEngine/4.9/DerivedDataCache/Boot.ddc.
[2015.11.12-12.19.20:132][  0]LogInit: Texture streaming: Enabled
[2015.11.12-12.19.20:140][  0]LogAnalytics: Creating configured Analytics provider AnalyticsET
[2015.11.12-12.19.20:140][  0]LogAnalytics: [UEEditor.Rocket.Release] APIServer = http://et2.epicgames.com/ET2/. AppVersion = 4.9.2-2707645+++depot+UE4-Releases+4.9
[2015.11.12-12.19.20:140][  0]LogAnalytics: [UEEditor.Rocket.Release] SetUserId d23866d745545b2700ba8a99a53d954c|9bcc6db43f1942b386c92187badb6b0f|62fc9719-2d1c-4657-973d-8b015d8e6451
[2015.11.12-12.19.20:140][  0]LogAnalytics: [UEEditor.Rocket.Release] AnalyticsET::StartSession
[2015.11.12-12.19.20:151][  0]LogWindowsTextInputMethodSystem:Display: IME system now deactivated.
[2015.11.12-12.19.20:169][  0]LogInit: Transaction tracking system initialized
[2015.11.12-12.19.20:203][  0]BlueprintLog: New page: Editor Load
[2015.11.12-12.19.20:297][  0]LocalizationService: Info Localization service is disabled
[2015.11.12-12.19.20:384][  0]LogConsoleResponse:Display: 
[2015.11.12-12.19.20:516][  0]LogCook:Display: Done creating registry. It took  0.00s.
[2015.11.12-12.19.20:584][  0]LogFileCache: Scanning file cache for directory 'D:/Users/Matster2/Documents/Unreal Projects/Year2-GroupProject/GroupProject/Content/' took 0.01s
[2015.11.12-12.19.20:584][  0]SourceControl: Info Source control is disabled
[2015.11.12-12.19.20:584][  0]Cmd: MAP LOAD FILE="../../../Engine/Content/Maps/Templates/Template_Default.umap" TEMPLATE=1 SHOWPROGRESS=1 FEATURELEVEL=3
[2015.11.12-12.19.20:585][  0]LightingResults: New page: Lighting Build
[2015.11.12-12.19.20:588][  0]MapCheck: New page: Map Check
[2015.11.12-12.19.20:588][  0]LightingResults: New page: Lighting Build
[2015.11.12-12.19.20:601][  0]LogParticles: Destroying 0 GPU particle simulations for FXSystem 0x00000002941D6160
[2015.11.12-12.19.20:947][  0]LogAIModule: Creating AISystem for world Untitled_1
[2015.11.12-12.19.20:954][  0]LogEditorServer: Finished looking for orphan Actors (0.000 secs)
[2015.11.12-12.19.20:959][  0]Cmd: MAP CHECKDEP NOCLEARLOG
[2015.11.12-12.19.21:015][  0]MapCheck: Info Map check complete: 0 Error(s), 0 Warning(s), took 55.248ms to complete.
[2015.11.12-12.19.21:015][  0]LogFileHelpers: Loading map 'Template_Default' took 0.431
[2015.11.12-12.19.21:133][  0]LogCollectionManager: Loaded 0 collections in 0.002631 seconds
[2015.11.12-12.19.21:178][  0]LogFileCache: Scanning file cache for directory 'D:/Users/Matster2/Documents/Unreal Projects/Year2-GroupProject/GroupProject/Saved/Collections/' took 0.01s
[2015.11.12-12.19.21:178][  0]LogFileCache: Scanning file cache for directory 'D:/Users/Matster2/Documents/Unreal Projects/Year2-GroupProject/GroupProject/Content/Developers/Matster2/Collections/' took 0.01s
[2015.11.12-12.19.21:178][  0]LogFileCache: Scanning file cache for directory 'D:/Users/Matster2/Documents/Unreal Projects/Year2-GroupProject/GroupProject/Content/Collections/' took 0.01s
[2015.11.12-12.19.21:178][  0]LogContentBrowser: Native class hierarchy populated in 0.0111 seconds. Added 1867 classes and 333 folders.
[2015.11.12-12.19.21:185][  0]LogCollectionManager: Rebuilt the GUID cache for 0 collections in 0.000003 seconds
[2015.11.12-12.19.21:200][  0]LogContentBrowser: Native class hierarchy updated for 'WidgetCarousel' in 0.0006 seconds. Added 0 classes and 0 folders.
[2015.11.12-12.19.21:264][  0]LogContentBrowser: Native class hierarchy updated for 'AddContentDialog' in 0.0006 seconds. Added 0 classes and 0 folders.
[2015.11.12-12.19.21:269][  0]LogContentBrowser: Native class hierarchy updated for 'SceneOutliner' in 0.0004 seconds. Added 1 classes and 2 folders.
[2015.11.12-12.19.21:306][  0]LogCrashTracker: Crashtracker disabled due to settings.
[2015.11.12-12.19.21:311][  0]LogUObjectGlobals:Warning: Failed to find object 'Class None.'
[2015.11.12-12.19.21:334][  0]LogLoad: Full Startup: 6.90 seconds (BP compile: 0.05 seconds)
[2015.11.12-12.19.21:385][  0]LogContentStreaming: Texture pool size now 1000 MB
[2015.11.12-12.19.21:546][  0]LogRenderer: Reallocating scene render targets to support 1160x548 (Frame:2).
[2015.11.12-12.19.21:770][  3]LogAssetRegistry: Asset discovery search completed in 2.4747 seconds
[2015.11.12-12.19.21:770][  3]LogCollectionManager: Rebuilt the object cache for 0 collections in 0.000001 seconds (found 0 objects)
[2015.11.12-12.19.21:770][  3]LogCollectionManager: Fixed up redirectors for 0 collections in 0.000026 seconds (updated 0 objects)
[2015.11.12-12.19.32:030][485]LogObjectTools:Warning: ForceReplaceReferences replaced references for a transient object 'DEADCLASS_Exterior_MainEnemy_C_0' or package '/Engine/Transient'.
[2015.11.12-12.19.32:030][485]LogObjectTools:Warning: ForceReplaceReferences replaced references for a transient object 'DEADCLASS_Exterior_MainEnemy_C_1' or package '/Engine/Transient'.
[2015.11.12-12.19.32:030][485]LogObjectTools:Warning: ForceReplaceReferences replaced references for a transient object 'REINST_SKEL_Exterior_MainEnemy_C_14' or package '/Engine/Transient'.
[2015.11.12-12.19.32:030][485]LogObjectTools:Warning: ForceReplaceReferences replaced references for a transient object 'REINST_Exterior_MainEnemy_C_13' or package '/Engine/Transient'.
[2015.11.12-12.19.59:489][166]LogLinker:Warning: Asset '../../../Engine/Content/ArtTools/RenderToTexture/Macros/RenderToTextureMacros.uasset' has been saved with empty engine version. The asset will be loaded but may be incompatible.
[2015.11.12-12.20.00:147][166]LogContentBrowser: Native class hierarchy updated for 'BlueprintGraph' in 0.0009 seconds. Added 107 classes and 0 folders.
[2015.11.12-12.20.07:115][434]LogRenderer: Reallocating scene render targets to support 1160x856 (Frame:2145).
[2015.11.12-12.20.11:729][763]LogAnimation:Warning: SkeletalMesh DefaultSkeletalMesh has no skeleton. This needs to fixed before an animation can be set
[2015.11.12-12.20.11:729][763]LogAnimation:Warning: SkeletalMesh DefaultSkeletalMesh has no skeleton. This needs to fixed before an animation can be set
[2015.11.12-12.20.11:749][764]LogAnimation:Warning: SkeletalMesh DefaultSkeletalMesh has no skeleton. This needs to fixed before an animation can be set
[2015.11.12-12.20.11:773][765]LogAnimation:Warning: SkeletalMesh DefaultSkeletalMesh has no skeleton. This needs to fixed before an animation can be set
[2015.11.12-12.20.11:815][766]LogAnimation:Warning: SkeletalMesh DefaultSkeletalMesh has no skeleton. This needs to fixed before an animation can be set
[2015.11.12-12.20.11:851][767]LogAnimation:Warning: SkeletalMesh DefaultSkeletalMesh has no skeleton. This needs to fixed before an animation can be set
[2015.11.12-12.20.11:891][768]LogAnimation:Warning: SkeletalMesh DefaultSkeletalMesh has no skeleton. This needs to fixed before an animation can be set
[2015.11.12-12.20.11:930][769]LogAnimation:Warning: SkeletalMesh DefaultSkeletalMesh has no skeleton. This needs to fixed before an animation can be set
[2015.11.12-12.20.11:963][770]LogAnimation:Warning: SkeletalMesh DefaultSkeletalMesh has no skeleton. This needs to fixed before an animation can be set
[2015.11.12-12.20.12:003][771]LogAnimation:Warning: SkeletalMesh DefaultSkeletalMesh has no skeleton. This needs to fixed before an animation can be set
[2015.11.12-12.20.12:037][772]LogAnimation:Warning: SkeletalMesh DefaultSkeletalMesh has no skeleton. This needs to fixed before an animation can be set
[2015.11.12-12.20.12:071][773]LogAnimation:Warning: SkeletalMesh DefaultSkeletalMesh has no skeleton. This needs to fixed before an animation can be set
[2015.11.12-12.20.12:105][774]LogAnimation:Warning: SkeletalMesh DefaultSkeletalMesh has no skeleton. This needs to fixed before an animation can be set
[2015.11.12-12.20.12:139][775]LogAnimation:Warning: SkeletalMesh DefaultSkeletalMesh has no skeleton. This needs to fixed before an animation can be set
[2015.11.12-12.20.12:175][776]LogAnimation:Warning: SkeletalMesh DefaultSkeletalMesh has no skeleton. This needs to fixed before an animation can be set
[2015.11.12-12.20.12:211][777]LogAnimation:Warning: SkeletalMesh DefaultSkeletalMesh has no skeleton. This needs to fixed before an animation can be set
[2015.11.12-12.20.12:249][778]LogAnimation:Warning: SkeletalMesh DefaultSkeletalMesh has no skeleton. This needs to fixed before an animation can be set
[2015.11.12-12.20.12:285][779]LogAnimation:Warning: SkeletalMesh DefaultSkeletalMesh has no skeleton. This needs to fixed before an animation can be set
[2015.11.12-12.20.12:325][780]LogAnimation:Warning: SkeletalMesh DefaultSkeletalMesh has no skeleton. This needs to fixed before an animation can be set
[2015.11.12-12.20.12:759][794]LogAnimation:Warning: SkeletalMesh DefaultSkeletalMesh has no skeleton. This needs to fixed before an animation can be set
[2015.11.12-12.20.12:789][795]LogAnimation:Warning: SkeletalMesh DefaultSkeletalMesh has no skeleton. This needs to fixed before an animation can be set
[2015.11.12-12.20.12:823][796]LogAnimation:Warning: SkeletalMesh DefaultSkeletalMesh has no skeleton. This needs to fixed before an animation can be set
[2015.11.12-12.20.12:859][797]LogAnimation:Warning: SkeletalMesh DefaultSkeletalMesh has no skeleton. This needs to fixed before an animation can be set
[2015.11.12-12.20.12:893][798]LogAnimation:Warning: SkeletalMesh DefaultSkeletalMesh has no skeleton. This needs to fixed before an animation can be set
[2015.11.12-12.20.12:927][799]LogAnimation:Warning: SkeletalMesh DefaultSkeletalMesh has no skeleton. This needs to fixed before an animation can be set
[2015.11.12-12.20.12:963][800]LogAnimation:Warning: SkeletalMesh DefaultSkeletalMesh has no skeleton. This needs to fixed before an animation can be set
[2015.11.12-12.20.12:996][801]LogAnimation:Warning: SkeletalMesh DefaultSkeletalMesh has no skeleton. This needs to fixed before an animation can be set
[2015.11.12-12.20.13:030][802]LogAnimation:Warning: SkeletalMesh DefaultSkeletalMesh has no skeleton. This needs to fixed before an animation can be set
[2015.11.12-12.20.13:061][803]LogAnimation:Warning: SkeletalMesh DefaultSkeletalMesh has no skeleton. This needs to fixed before an animation can be set
[2015.11.12-12.20.13:098][804]LogAnimation:Warning: SkeletalMesh DefaultSkeletalMesh has no skeleton. This needs to fixed before an animation can be set
[2015.11.12-12.20.13:132][805]LogAnimation:Warning: SkeletalMesh DefaultSkeletalMesh has no skeleton. This needs to fixed before an animation can be set
[2015.11.12-12.20.13:166][806]LogAnimation:Warning: SkeletalMesh DefaultSkeletalMesh has no skeleton. This needs to fixed before an animation can be set
[2015.11.12-12.20.13:203][807]LogAnimation:Warning: SkeletalMesh DefaultSkeletalMesh has no skeleton. This needs to fixed before an animation can be set
[2015.11.12-12.20.13:236][808]LogAnimation:Warning: SkeletalMesh DefaultSkeletalMesh has no skeleton. This needs to fixed before an animation can be set
[2015.11.12-12.20.13:303][809]LogAnimation:Warning: SkeletalMesh DefaultSkeletalMesh has no skeleton. This needs to fixed before an animation can be set
[2015.11.12-12.20.13:326][810]LogAnimation:Warning: SkeletalMesh DefaultSkeletalMesh has no skeleton. This needs to fixed before an animation can be set
[2015.11.12-12.20.13:339][811]LogAnimation:Warning: SkeletalMesh DefaultSkeletalMesh has no skeleton. This needs to fixed before an animation can be set
[2015.11.12-12.20.13:376][812]LogAnimation:Warning: SkeletalMesh DefaultSkeletalMesh has no skeleton. This needs to fixed before an animation can be set
[2015.11.12-12.20.13:412][813]LogAnimation:Warning: SkeletalMesh DefaultSkeletalMesh has no skeleton. This needs to fixed before an animation can be set
[2015.11.12-12.20.13:446][814]LogAnimation:Warning: SkeletalMesh DefaultSkeletalMesh has no skeleton. This needs to fixed before an animation can be set
[2015.11.12-12.20.13:480][815]LogAnimation:Warning: SkeletalMesh DefaultSkeletalMesh has no skeleton. This needs to fixed before an animation can be set
[2015.11.12-12.20.13:514][816]LogAnimation:Warning: SkeletalMesh DefaultSkeletalMesh has no skeleton. This needs to fixed before an animation can be set
[2015.11.12-12.20.13:548][817]LogAnimation:Warning: SkeletalMesh DefaultSkeletalMesh has no skeleton. This needs to fixed before an animation can be set
[2015.11.12-12.20.13:584][818]LogAnimation:Warning: SkeletalMesh DefaultSkeletalMesh has no skeleton. This needs to fixed before an animation can be set
[2015.11.12-12.20.13:620][819]LogAnimation:Warning: SkeletalMesh DefaultSkeletalMesh has no skeleton. This needs to fixed before an animation can be set
[2015.11.12-12.20.13:652][820]LogAnimation:Warning: SkeletalMesh DefaultSkeletalMesh has no skeleton. This needs to fixed before an animation can be set
[2015.11.12-12.20.13:685][821]LogAnimation:Warning: SkeletalMesh DefaultSkeletalMesh has no skeleton. This needs to fixed before an animation can be set
[2015.11.12-12.20.13:719][822]LogAnimation:Warning: SkeletalMesh DefaultSkeletalMesh has no skeleton. This needs to fixed before an animation can be set
[2015.11.12-12.20.13:755][823]LogAnimation:Warning: SkeletalMesh DefaultSkeletalMesh has no skeleton. This needs to fixed before an animation can be set
[2015.11.12-12.20.13:788][824]LogAnimation:Warning: SkeletalMesh DefaultSkeletalMesh has no skeleton. This needs to fixed before an animation can be set
[2015.11.12-12.20.13:821][825]LogAnimation:Warning: SkeletalMesh DefaultSkeletalMesh has no skeleton. This needs to fixed before an animation can be set
[2015.11.12-12.20.13:856][826]LogAnimation:Warning: SkeletalMesh DefaultSkeletalMesh has no skeleton. This needs to fixed before an animation can be set
[2015.11.12-12.20.13:888][827]LogAnimation:Warning: SkeletalMesh DefaultSkeletalMesh has no skeleton. This needs to fixed before an animation can be set
[2015.11.12-12.20.13:924][828]LogAnimation:Warning: SkeletalMesh DefaultSkeletalMesh has no skeleton. This needs to fixed before an animation can be set
[2015.11.12-12.20.13:960][829]LogAnimation:Warning: SkeletalMesh DefaultSkeletalMesh has no skeleton. This needs to fixed before an animation can be set
[2015.11.12-12.20.13:991][830]LogAnimation:Warning: SkeletalMesh DefaultSkeletalMesh has no skeleton. This needs to fixed before an animation can be set
[2015.11.12-12.20.14:031][831]LogAnimation:Warning: SkeletalMesh DefaultSkeletalMesh has no skeleton. This needs to fixed before an animation can be set
[2015.11.12-12.20.14:063][832]LogAnimation:Warning: SkeletalMesh DefaultSkeletalMesh has no skeleton. This needs to fixed before an animation can be set
[2015.11.12-12.20.14:182][835]LogAnimation:Warning: SkeletalMesh DefaultSkeletalMesh has no skeleton. This needs to fixed before an animation can be set
[2015.11.12-12.20.15:184][917]LogActorComponent: UnregisterComponent: (/Engine/Transient.CharMoveComp) Not registered. Aborting.
[2015.11.12-12.20.15:186][917]LogAnimation:Warning: SkeletalMesh DefaultSkeletalMesh has no skeleton. This needs to fixed before an animation can be set
[2015.11.12-12.20.57:256][406]LogActorComponent: UnregisterComponent: (/Engine/Transient.CharacterMovementComponent_0) Not registered. Aborting.
[2015.11.12-12.21.24:109][368]LogSavePackage: Save=42.411812ms
[2015.11.12-12.21.24:109][368]LogSavePackage: Moving '../../../../../../Users/Matster2/Documents/Unreal Projects/Year2-GroupProject/GroupProject/Saved/Exterior_MainEnemy2E885CDC47DCC11C3C2D09A2A9BEAD5D.tmp' to '../../../../../../Users/Matster2/Documents/Unreal Projects/Year2-GroupProject/GroupProject/Content/Blueprints/Exterior_MainEnemy.uasset'
[2015.11.12-12.21.24:111][368]LogSavePackage: Total save time: 44.587325ms
[2015.11.12-12.21.24:111][368]LogSavePackage:Warning: Finished SavePackage ../../../../../../Users/Matster2/Documents/Unreal Projects/Year2-GroupProject/GroupProject/Content/Blueprints/Exterior_MainEnemy.uasset
[2015.11.12-12.21.24:776][394]BlueprintLog: New page: Compile Exterior_MainEnemy
[2015.11.12-12.21.24:913][394]LogActorComponent: UnregisterComponent: (/Engine/Transient.CharacterMovementComponent_1) Not registered. Aborting.
[2015.11.12-12.21.24:945][394]BlueprintEditorCompileResults: Info [0130.52] Compile of Exterior_MainEnemy successful! [in 169 ms]
[2015.11.12-12.21.33:613][753]LogEditorViewport: Clicking on Actor (LMB): StaticMeshActor (Floor)
[2015.11.12-12.22.16:883][478]LogActorFactory: Actor Factory created Cube
[2015.11.12-12.22.18:944][583]LogActorFactory: Actor Factory created Cube
[2015.11.12-12.22.26:427][888]LogEditorViewport: Clicking on Actor (LMB): StaticMeshActor (Level Base)
[2015.11.12-12.22.30:957][131]Cmd: TRANSACTION UNDO
[2015.11.12-12.22.30:958][131]LogEditorTransaction: Undo Move Actors
[2015.11.12-12.22.31:995][184]LogEditorViewport: Clicking on Actor (LMB): StaticMeshActor (Cube)
[2015.11.12-12.22.39:407][586]Cmd: CAMERA ALIGN ACTIVEVIEWPORTONLY
[2015.11.12-12.23.18:389][888]LogPlayLevel: PlayLevel: No blueprints needed recompiling
[2015.11.12-12.23.18:410][888]PIE: New page: PIE session: Untitled_1 (12 Nov 2015 12:23:18)
[2015.11.12-12.23.18:410][888]LogPlayLevel: Creating play world package: /Temp/UEDPIE_0_Untitled_1
[2015.11.12-12.23.18:412][888]LogPlayLevel: PIE: StaticDuplicateObject took: (0.002120s)
[2015.11.12-12.23.18:413][888]LogAIModule: Creating AISystem for world Untitled_1
[2015.11.12-12.23.18:413][888]LogPlayLevel: PIE: World Init took: (0.001160s)
[2015.11.12-12.23.18:414][888]LogPlayLevel: PIE: Created PIE world by copying editor world from /Temp/Untitled_1.Untitled_1 to /Temp/UEDPIE_0_Untitled_1.Untitled_1 (0.003534s)
[2015.11.12-12.23.18:414][888]LogActorComponent: UnregisterComponent: (/Engine/Transient.CharMoveComp) Not registered. Aborting.
[2015.11.12-12.23.18:466][888]LogInit: XAudio2 using 'Speakers (SB Audigy)' : 8 channels at 48 kHz using 16 bits per sample (channel mask 0x63f)
[2015.11.12-12.23.18:485][888]LogInit: FAudioDevice initialized.
[2015.11.12-12.23.18:577][888]LogWorld: Game class is 'GameMode'
[2015.11.12-12.23.18:609][888]LogWorld: Bringing World /Temp/UEDPIE_0_Untitled_1.Untitled_1 up for play (max tick rate 0) at 2015.11.12-12.23.18
[2015.11.12-12.23.18:609][888]LogActor:Warning: GameSession /Temp/UEDPIE_0_Untitled_1.Untitled_1:PersistentLevel.GameSession_0 has natively added scene component(s), but none of them were set as the actor's RootComponent - picking one arbitrarily
[2015.11.12-12.23.18:609][888]LogActor:Warning: GameNetworkManager /Temp/UEDPIE_0_Untitled_1.Untitled_1:PersistentLevel.GameNetworkManager_0 has natively added scene component(s), but none of them were set as the actor's RootComponent - picking one arbitrarily
[2015.11.12-12.23.18:610][888]LogWorld: Bringing up level for play took: 0.002509
[2015.11.12-12.23.18:768][888]PIE: Info Play in editor start time for /Temp/UEDPIE_0_Untitled_1 0.736
[2015.11.12-12.23.23:391][194]LogParticles: Destroying 0 GPU particle simulations for FXSystem 0x00000002C58B5EE0
[2015.11.12-12.24.05:405][573]LogEditorViewport: Clicking on Actor (context menu): StaticMeshActor (Level Base)
[2015.11.12-12.24.06:147][644]LogEditorViewport: Clicking on Actor (context menu): NavModifierVolume (NavModifierVolume)
[2015.11.12-12.24.32:819][212]LogEditorViewport: Clicking on Actor (LMB): StaticMeshActor (Level Base)
[2015.11.12-12.24.37:769][498]Cmd: TRANSACTION UNDO
[2015.11.12-12.24.37:769][498]LogEditorTransaction: Undo Scale Actors
[2015.11.12-12.24.38:587][541]LogEditorViewport: Clicking on Actor (context menu): BP_Sky_Sphere_C (Sky Sphere)
[2015.11.12-12.24.39:323][615]LogEditorViewport: Clicking on Actor (context menu): NavModifierVolume (NavModifierVolume)
[2015.11.12-12.25.20:054][ 38]LogEditorActor: Deleted Actor: NavModifierVolume
[2015.11.12-12.25.20:055][ 38]LogActorComponent: UnregisterComponent: (/Engine/Transient.CharMoveComp) Not registered. Aborting.
[2015.11.12-12.25.20:082][ 38]LogEditorActor: Deleted 1 Actors (0.028 secs)
[2015.11.12-12.25.23:684][232]LogActor:Warning: RecastNavMesh /Temp/Untitled_1.Untitled_1:PersistentLevel.RecastNavMesh_0 has natively added scene component(s), but none of them were set as the actor's RootComponent - picking one arbitrarily
[2015.11.12-12.25.33:094][543]Cmd: TRANSACTION UNDO
[2015.11.12-12.25.33:094][543]LogEditorTransaction: Undo Clicking on Brush Vertex
[2015.11.12-12.25.48:635][421]LogEditorViewport: Clicking on Actor (LMB): StaticMeshActor (Level Base)
[2015.11.12-12.25.53:396][626]LogEditorViewport: Clicking on Actor (LMB): BP_Sky_Sphere_C (Sky Sphere)
[2015.11.12-12.25.55:095][719]LogEditorViewport: Clicking on Actor (context menu): BP_Sky_Sphere_C (Sky Sphere)
[2015.11.12-12.25.55:649][763]LogEditorViewport: Clicking on Actor (context menu): BP_Sky_Sphere_C (Sky Sphere)
[2015.11.12-12.26.16:180][682]LogEditorViewport: Clicking on Actor (LMB): StaticMeshActor (Level Base)
[2015.11.12-12.26.46:362][943]LogActorComponent: UnregisterComponent: (/Engine/Transient.CharMoveComp) Not registered. Aborting.
[2015.11.12-12.26.46:421][943]LogSavePackage: Save=25.945889ms
[2015.11.12-12.26.46:421][943]LogSavePackage: Moving '../../../../../../Users/Matster2/Documents/Unreal Projects/Year2-GroupProject/GroupProject/Saved/ExteriorLevel7D7B981C4CA183B751C8EAA0E4C76FE4.tmp' to '../../../../../../Users/Matster2/Documents/Unreal Projects/Year2-GroupProject/GroupProject/Content/Maps/ExteriorLevel.umap'
[2015.11.12-12.26.46:423][943]LogSavePackage: Total save time: 32.708962ms
[2015.11.12-12.26.46:423][943]LogSavePackage:Warning: Finished SavePackage ../../../../../../Users/Matster2/Documents/Unreal Projects/Year2-GroupProject/GroupProject/Content/Maps/ExteriorLevel.umap
[2015.11.12-12.26.46:463][943]LogFileHelpers: Saving map 'ExteriorLevel' took 0.275
[2015.11.12-12.26.48:950][129]LogParticles: Destroying 0 GPU particle simulations for FXSystem 0x0000000294DE47C0
[2015.11.12-12.27.05:233][706]LogWindowsTextInputMethodSystem:Display: IME system now deactivated.
[2015.11.12-12.27.05:549][707]Cmd: QUIT_EDITOR
[2015.11.12-12.27.06:172][707]LogExit: Preparing to exit.
[2015.11.12-12.27.07:350][707]LogExit: Editor shut down
[2015.11.12-12.27.07:351][707]LogExit: Transaction tracking system shut down
[2015.11.12-12.27.07:352][707]LogParticles: Destroying 0 GPU particle simulations for FXSystem 0x0000000286B37420
[2015.11.12-12.27.07:353][707]LogParticles: Destroying 0 GPU particle simulations for FXSystem 0x0000000284597E20
[2015.11.12-12.27.07:353][707]LogParticles: Destroying 0 GPU particle simulations for FXSystem 0x00000002A42F6CA0
[2015.11.12-12.27.07:353][707]LogParticles: Destroying 0 GPU particle simulations for FXSystem 0x00000002820D1B20
[2015.11.12-12.27.07:356][707]LogParticles: Destroying 0 GPU particle simulations for FXSystem 0x00000002C9257920
[2015.11.12-12.27.07:357][707]LogParticles: Destroying 0 GPU particle simulations for FXSystem 0x00000002C6519800
[2015.11.12-12.27.07:563][707]LogExit: Object subsystem successfully closed.
[2015.11.12-12.27.07:574][707]LogD3D11RHI: Shutdown
[2015.11.12-12.27.07:574][707]LogD3D11RHI: CleanupD3DDevice
[2015.11.12-12.27.07:646][707]LogD3D11RHI: ~FD3D11DynamicRHI
[2015.11.12-12.27.07:666][707]LogModuleManager: Shutting down and abandoning module BlueprintGraph (198)
[2015.11.12-12.27.07:666][707]LogModuleManager: Shutting down and abandoning module CrashTracker (197)
[2015.11.12-12.27.07:666][707]LogModuleManager: Shutting down and abandoning module SceneOutliner (196)
[2015.11.12-12.27.07:666][707]LogModuleManager: Shutting down and abandoning module SuperSearch (195)
[2015.11.12-12.27.07:666][707]LogModuleManager: Shutting down and abandoning module WidgetCarousel (194)
[2015.11.12-12.27.07:666][707]LogModuleManager: Shutting down and abandoning module AddContentDialog (193)
[2015.11.12-12.27.07:667][707]LogModuleManager: Shutting down and abandoning module EditorWidgets (192)
[2015.11.12-12.27.07:667][707]LogModuleManager: Shutting down and abandoning module CollectionManager (191)
[2015.11.12-12.27.07:667][707]LogModuleManager: Shutting down and abandoning module StatsViewer (190)
[2015.11.12-12.27.07:667][707]LogModuleManager: Shutting down and abandoning module FoliageEdit (189)
[2015.11.12-12.27.07:667][707]LogModuleManager: Shutting down and abandoning module LandscapeEditor (188)
[2015.11.12-12.27.07:667][707]LogModuleManager: Shutting down and abandoning module ActorPickerMode (187)
[2015.11.12-12.27.07:667][707]LogModuleManager: Shutting down and abandoning module GeometryMode (186)
[2015.11.12-12.27.07:667][707]LogModuleManager: Shutting down and abandoning module TextureAlignMode (185)
[2015.11.12-12.27.07:667][707]LogModuleManager: Shutting down and abandoning module BspMode (184)
[2015.11.12-12.27.07:667][707]LogModuleManager: Shutting down and abandoning module PlacementMode (183)
[2015.11.12-12.27.07:667][707]LogModuleManager: Shutting down and abandoning module AutomationWorker (182)
[2015.11.12-12.27.07:667][707]LogModuleManager: Shutting down and abandoning module CharacterAI (181)
[2015.11.12-12.27.07:667][707]LogModuleManager: Shutting down and abandoning module SmartSnapping (180)
[2015.11.12-12.27.07:667][707]LogModuleManager: Shutting down and abandoning module ViewportSnapping (179)
[2015.11.12-12.27.07:668][707]LogModuleManager: Shutting down and abandoning module LogVisualizer (178)
[2015.11.12-12.27.07:668][707]LogModuleManager: Shutting down and abandoning module GameProjectGeneration (177)
[2015.11.12-12.27.07:668][707]LogModuleManager: Shutting down and abandoning module IntroTutorials (176)
[2015.11.12-12.27.07:668][707]LogModuleManager: Shutting down and abandoning module EditorLiveStreaming (175)
[2015.11.12-12.27.07:668][707]LogModuleManager: Shutting down and abandoning module IOSPlatformEditor (174)
[2015.11.12-12.27.07:668][707]LogModuleManager: Shutting down and abandoning module HTML5PlatformEditor (173)
[2015.11.12-12.27.07:668][707]LogModuleManager: Shutting down and abandoning module AndroidDeviceDetection (172)
[2015.11.12-12.27.08:376][707]LogModuleManager: Shutting down and abandoning module AndroidPlatformEditor (171)
[2015.11.12-12.27.08:376][707]LogModuleManager: Shutting down and abandoning module IOSRuntimeSettings (170)
[2015.11.12-12.27.08:376][707]LogModuleManager: Shutting down and abandoning module AndroidRuntimeSettings (169)
[2015.11.12-12.27.08:376][707]LogModuleManager: Shutting down and abandoning module MergeActors (168)
[2015.11.12-12.27.08:376][707]LogModuleManager: Shutting down and abandoning module SizeMap (167)
[2015.11.12-12.27.08:376][707]LogModuleManager: Shutting down and abandoning module TreeMap (166)
[2015.11.12-12.27.08:376][707]LogModuleManager: Shutting down and abandoning module ReferenceViewer (165)
[2015.11.12-12.27.08:376][707]LogModuleManager: Shutting down and abandoning module LocalizationService (164)
[2015.11.12-12.27.08:376][707]LogModuleManager: Shutting down and abandoning module LocalizationDashboard (163)
[2015.11.12-12.27.08:376][707]LogModuleManager: Shutting down and abandoning module HardwareTargeting (162)
[2015.11.12-12.27.08:376][707]LogModuleManager: Shutting down and abandoning module DeviceProfileEditor (161)
[2015.11.12-12.27.08:376][707]LogModuleManager: Shutting down and abandoning module UndoHistory (160)
[2015.11.12-12.27.08:376][707]LogModuleManager: Shutting down and abandoning module GameplayTagsEditor (159)
[2015.11.12-12.27.08:376][707]LogModuleManager: Shutting down and abandoning module UserFeedback (158)
[2015.11.12-12.27.08:376][707]LogModuleManager: Shutting down and abandoning module XmlParser (157)
[2015.11.12-12.27.08:376][707]LogModuleManager: Shutting down and abandoning module Blutility (156)
[2015.11.12-12.27.08:376][707]LogModuleManager: Shutting down and abandoning module ProjectTargetPlatformEditor (155)
[2015.11.12-12.27.08:377][707]LogModuleManager: Shutting down and abandoning module ProjectSettingsViewer (154)
[2015.11.12-12.27.08:377][707]LogModuleManager: Shutting down and abandoning module InputBindingEditor (153)
[2015.11.12-12.27.08:377][707]LogModuleManager: Shutting down and abandoning module EditorSettingsViewer (152)
[2015.11.12-12.27.08:377][707]LogModuleManager: Shutting down and abandoning module SettingsEditor (151)
[2015.11.12-12.27.08:377][707]LogModuleManager: Shutting down and abandoning module ProjectLauncher (150)
[2015.11.12-12.27.08:377][707]LogModuleManager: Shutting down and abandoning module SessionFrontend (149)
[2015.11.12-12.27.08:377][707]LogModuleManager: Shutting down and abandoning module ProfilerClient (148)
[2015.11.12-12.27.08:377][707]LogModuleManager: Shutting down and abandoning module TargetDeviceServices (147)
[2015.11.12-12.27.08:377][707]LogModuleManager: Shutting down and abandoning module DeviceManager (146)
[2015.11.12-12.27.08:377][707]LogModuleManager: Shutting down and abandoning module AutomationController (145)
[2015.11.12-12.27.08:377][707]LogModuleManager: Shutting down and abandoning module AutomationWindow (144)
[2015.11.12-12.27.08:377][707]LogModuleManager: Shutting down and abandoning module Layers (143)
[2015.11.12-12.27.08:377][707]LogModuleManager: Shutting down and abandoning module ComponentVisualizers (142)
[2015.11.12-12.27.08:377][707]LogModuleManager: Shutting down and abandoning module DetailCustomizations (141)
[2015.11.12-12.27.08:378][707]LogModuleManager: Shutting down and abandoning module PackagesDialog (140)
[2015.11.12-12.27.08:378][707]LogModuleManager: Shutting down and abandoning module Persona (139)
[2015.11.12-12.27.08:378][707]LogModuleManager: Shutting down and abandoning module Kismet (138)
[2015.11.12-12.27.08:378][707]LogModuleManager: Shutting down and abandoning module GraphEditor (137)
[2015.11.12-12.27.08:378][707]LogModuleManager: Shutting down and abandoning module ClassViewer (136)
[2015.11.12-12.27.08:380][707]LogModuleManager: Shutting down and abandoning module Toolbox (135)
[2015.11.12-12.27.08:380][707]LogModuleManager: Shutting down and abandoning module ModuleUI (134)
[2015.11.12-12.27.08:380][707]LogModuleManager: Shutting down and abandoning module MovieSceneTools (133)
[2015.11.12-12.27.08:380][707]LogModuleManager: Shutting down and abandoning module OutputLog (132)
[2015.11.12-12.27.08:380][707]LogModuleManager: Shutting down and abandoning module GammaUI (131)
[2015.11.12-12.27.08:380][707]LogModuleManager: Shutting down and abandoning module Documentation (130)
[2015.11.12-12.27.08:380][707]LogModuleManager: Shutting down and abandoning module GameLiveStreaming (129)
[2015.11.12-12.27.08:380][707]LogModuleManager: Shutting down and abandoning module StreamingPauseRendering (128)
[2015.11.12-12.27.08:380][707]LogModuleManager: Shutting down and abandoning module AnalyticsET (127)
[2015.11.12-12.27.08:380][707]LogModuleManager: Shutting down and abandoning module Analytics (126)
[2015.11.12-12.27.08:380][707]LogModuleManager: Shutting down and abandoning module AITestSuite (125)
[2015.11.12-12.27.08:380][707]LogModuleManager: Shutting down and abandoning module GameplayDebugger (124)
[2015.11.12-12.27.08:380][707]LogModuleManager: Shutting down and abandoning module AIModule (123)
[2015.11.12-12.27.08:380][707]LogModuleManager: Shutting down and abandoning module ProfilerService (122)
[2015.11.12-12.27.08:608][707]LogModuleManager: Shutting down and abandoning module TaskGraph (121)
[2015.11.12-12.27.08:608][707]LogModuleManager: Shutting down and abandoning module SlateRemote (120)
[2015.11.12-12.27.08:608][707]LogModuleManager: Shutting down and abandoning module SteamVRController (119)
[2015.11.12-12.27.08:608][707]LogModuleManager: Shutting down and abandoning module SteamVR (118)
[2015.11.12-12.27.08:608][707]LogModuleManager: Shutting down and abandoning module ProceduralMeshComponent (117)
[2015.11.12-12.27.08:608][707]LogModuleManager: Shutting down and abandoning module OculusRift (116)
[2015.11.12-12.27.08:608][707]LogModuleManager: Shutting down and abandoning module OculusLibrary (115)
[2015.11.12-12.27.08:608][707]LogModuleManager: Shutting down and abandoning module LeapMotionController (114)
[2015.11.12-12.27.08:638][707]LogModuleManager: Shutting down and abandoning module CustomMeshComponent (113)
[2015.11.12-12.27.08:638][707]LogModuleManager: Shutting down and abandoning module CableComponent (112)
[2015.11.12-12.27.08:638][707]LogModuleManager: Shutting down and abandoning module ArchVisCharacter (111)
[2015.11.12-12.27.08:638][707]LogModuleManager: Shutting down and abandoning module MessagingDebugger (110)
[2015.11.12-12.27.08:638][707]LogModuleManager: Shutting down and abandoning module MediaPlayerEditor (109)
[2015.11.12-12.27.08:638][707]LogModuleManager: Shutting down and abandoning module HTML5Networking (108)
[2015.11.12-12.27.08:638][707]LogModuleManager: Shutting down and abandoning module SpeedTreeImporter (107)
[2015.11.12-12.27.08:638][707]LogModuleManager: Shutting down and abandoning module PluginBrowser (106)
[2015.11.12-12.27.08:638][707]LogModuleManager: Shutting down and abandoning module EpicSurvey (105)
[2015.11.12-12.27.08:638][707]LogModuleManager: Shutting down and abandoning module DesktopPlatform (104)
[2015.11.12-12.27.08:638][707]LogModuleManager: Shutting down and abandoning module VisualStudioSourceCodeAccess (103)
[2015.11.12-12.27.08:638][707]LogModuleManager: Shutting down and abandoning module UObjectPlugin (102)
[2015.11.12-12.27.08:638][707]LogModuleManager: Shutting down and abandoning module SubversionSourceControl (101)
[2015.11.12-12.27.08:638][707]LogModuleManager: Shutting down and abandoning module PerforceSourceControl (100)
[2015.11.12-12.27.08:638][707]LogModuleManager: Shutting down and abandoning module SourceControl (99)
[2015.11.12-12.27.08:638][707]LogModuleManager: Shutting down and abandoning module GitSourceControl (98)
[2015.11.12-12.27.08:638][707]LogModuleManager: Shutting down and abandoning module LightPropagationVolumeEditor (97)
[2015.11.12-12.27.08:638][707]LogModuleManager: Shutting down and abandoning module PaperTiledImporter (96)
[2015.11.12-12.27.08:638][707]LogModuleManager: Shutting down and abandoning module PaperSpriteSheetImporter (95)
[2015.11.12-12.27.08:638][707]LogModuleManager: Shutting down and abandoning module MeshPaint (94)
[2015.11.12-12.27.08:638][707]LogModuleManager: Shutting down and abandoning module SlateReflector (93)
[2015.11.12-12.27.08:638][707]LogModuleManager: Shutting down and abandoning module HotReload (92)
[2015.11.12-12.27.08:639][707]LogModuleManager: Shutting down and abandoning module MainFrame (91)
[2015.11.12-12.27.08:639][707]LogModuleManager: Shutting down and abandoning module LevelEditor (90)
[2015.11.12-12.27.08:640][707]LogModuleManager: Shutting down and abandoning module DirectoryWatcher (89)
[2015.11.12-12.27.08:642][707]LogModuleManager: Shutting down and abandoning module AssetRegistry (88)
[2015.11.12-12.27.08:740][707]LogModuleManager: Shutting down and abandoning module ContentBrowser (87)
[2015.11.12-12.27.08:741][707]LogModuleManager: Shutting down and abandoning module Paper2DEditor (86)
[2015.11.12-12.27.08:741][707]LogModuleManager: Shutting down and abandoning module UdpMessaging (85)
[2015.11.12-12.27.08:842][707]LogModuleManager: Shutting down and abandoning module LightPropagationVolumeRuntime (84)
[2015.11.12-12.27.08:842][707]LogModuleManager: Shutting down and abandoning module Paper2D (83)
[2015.11.12-12.27.08:842][707]LogModuleManager: Shutting down and abandoning module WindowsMoviePlayer (82)
[2015.11.12-12.27.08:846][707]LogModuleManager: Shutting down and abandoning module Media (81)
[2015.11.12-12.27.08:846][707]LogModuleManager: Shutting down and abandoning module WmfMedia (80)
[2015.11.12-12.27.08:847][707]LogModuleManager: Shutting down and abandoning module OnlineBlueprintSupport (79)
[2015.11.12-12.27.08:847][707]LogModuleManager: Shutting down and abandoning module GameplayTasksEditor (78)
[2015.11.12-12.27.08:847][707]LogModuleManager: Shutting down and abandoning module PropertyEditor (77)
[2015.11.12-12.27.08:847][707]LogModuleManager: Shutting down and abandoning module BehaviorTreeEditor (76)
[2015.11.12-12.27.08:847][707]LogModuleManager: Shutting down and abandoning module FunctionalTesting (75)
[2015.11.12-12.27.08:847][707]LogModuleManager: Shutting down and abandoning module CollisionAnalyzer (74)
[2015.11.12-12.27.08:847][707]LogModuleManager: Shutting down and abandoning module WorkspaceMenuStructure (73)
[2015.11.12-12.27.08:847][707]LogModuleManager: Shutting down and abandoning module MessageLog (72)
[2015.11.12-12.27.08:847][707]LogModuleManager: Shutting down and abandoning module Sequencer (71)
[2015.11.12-12.27.08:847][707]LogModuleManager: Shutting down and abandoning module AssetTools (70)
[2015.11.12-12.27.08:847][707]LogModuleManager: Shutting down and abandoning module UMGEditor (69)
[2015.11.12-12.27.08:847][707]LogModuleManager: Shutting down and abandoning module UMG (68)
[2015.11.12-12.27.08:847][707]LogModuleManager: Shutting down and abandoning module Slate (67)
[2015.11.12-12.27.08:847][707]LogModuleManager: Shutting down and abandoning module EditorStyle (66)
[2015.11.12-12.27.08:851][707]LogModuleManager: Shutting down and abandoning module SessionServices (65)
[2015.11.12-12.27.08:851][707]LogModuleManager: Shutting down and abandoning module SourceCodeAccess (64)
[2015.11.12-12.27.08:851][707]LogModuleManager: Shutting down and abandoning module HeadMountedDisplay (63)
[2015.11.12-12.27.08:851][707]LogModuleManager: Shutting down and abandoning module XAudio2 (62)
[2015.11.12-12.27.08:851][707]LogModuleManager: Shutting down and abandoning module Networking (60)
[2015.11.12-12.27.08:851][707]LogModuleManager: Shutting down and abandoning module Core (59)
[2015.11.12-12.27.08:851][707]LogModuleManager: Shutting down and abandoning module KismetCompiler (58)
[2015.11.12-12.27.08:851][707]LogModuleManager: Shutting down and abandoning module PhysXFormats (57)
[2015.11.12-12.27.08:851][707]LogModuleManager: Shutting down and abandoning module MeshUtilities (56)
[2015.11.12-12.27.08:851][707]LogModuleManager: Shutting down and abandoning module CookingStats (55)
[2015.11.12-12.27.08:852][707]LogModuleManager: Shutting down and abandoning module DerivedDataCache (54)
[2015.11.12-12.27.08:939][707]LogDerivedDataCache: Shutdown
[2015.11.12-12.27.08:939][707]LogModuleManager: Shutting down and abandoning module ShaderFormatOpenGL (53)
[2015.11.12-12.27.08:939][707]LogModuleManager: Shutting down and abandoning module ShaderFormatD3D (52)
[2015.11.12-12.27.08:939][707]LogModuleManager: Shutting down and abandoning module MetalShaderFormat (51)
[2015.11.12-12.27.08:939][707]LogModuleManager: Shutting down and abandoning module TextureFormatUncompressed (50)
[2015.11.12-12.27.08:939][707]LogModuleManager: Shutting down and abandoning module TextureFormatPVR (49)
[2015.11.12-12.27.08:939][707]LogModuleManager: Shutting down and abandoning module TextureFormatIntelISPCTexComp (48)
[2015.11.12-12.27.08:939][707]LogModuleManager: Shutting down and abandoning module TextureFormatDXT (47)
[2015.11.12-12.27.08:939][707]LogModuleManager: Shutting down and abandoning module ImageWrapper (46)
[2015.11.12-12.27.08:939][707]LogModuleManager: Shutting down and abandoning module TextureFormatASTC (45)
[2015.11.12-12.27.08:939][707]LogModuleManager: Shutting down and abandoning module TextureFormatAndroid (44)
[2015.11.12-12.27.08:939][707]LogModuleManager: Shutting down and abandoning module AudioFormatOpus (43)
[2015.11.12-12.27.08:939][707]LogModuleManager: Shutting down and abandoning module AudioFormatOgg (42)
[2015.11.12-12.27.08:939][707]LogModuleManager: Shutting down and abandoning module AudioFormatADPCM (41)
[2015.11.12-12.27.08:939][707]LogModuleManager: Shutting down and abandoning module LinuxTargetPlatform (40)
[2015.11.12-12.27.08:939][707]LogModuleManager: Shutting down and abandoning module LinuxServerTargetPlatform (39)
[2015.11.12-12.27.08:939][707]LogModuleManager: Shutting down and abandoning module LinuxNoEditorTargetPlatform (38)
[2015.11.12-12.27.08:939][707]LogModuleManager: Shutting down and abandoning module Messaging (37)
[2015.11.12-12.27.08:939][707]LogModuleManager: Shutting down and abandoning module IOSTargetPlatform (36)
[2015.11.12-12.27.08:939][707]LogModuleManager: Shutting down and abandoning module HTML5TargetPlatform (35)
[2015.11.12-12.27.08:939][707]LogModuleManager: Shutting down and abandoning module Android_PVRTCTargetPlatform (34)
[2015.11.12-12.27.08:940][707]LogModuleManager: Shutting down and abandoning module Android_ETC2TargetPlatform (33)
[2015.11.12-12.27.08:940][707]LogModuleManager: Shutting down and abandoning module Android_ETC1TargetPlatform (32)
[2015.11.12-12.27.08:940][707]LogModuleManager: Shutting down and abandoning module Android_DXTTargetPlatform (31)
[2015.11.12-12.27.08:940][707]LogModuleManager: Shutting down and abandoning module Android_ATCTargetPlatform (30)
[2015.11.12-12.27.08:940][707]LogModuleManager: Shutting down and abandoning module Android_ASTCTargetPlatform (29)
[2015.11.12-12.27.08:940][707]LogModuleManager: Shutting down and abandoning module AndroidTargetPlatform (28)
[2015.11.12-12.27.08:940][707]LogModuleManager: Shutting down and abandoning module WindowsTargetPlatform (27)
[2015.11.12-12.27.08:940][707]LogModuleManager: Shutting down and abandoning module WindowsServerTargetPlatform (26)
[2015.11.12-12.27.08:940][707]LogModuleManager: Shutting down and abandoning module WindowsNoEditorTargetPlatform (25)
[2015.11.12-12.27.08:940][707]LogModuleManager: Shutting down and abandoning module WindowsClientTargetPlatform (24)
[2015.11.12-12.27.08:940][707]LogModuleManager: Shutting down and abandoning module AllDesktopTargetPlatform (23)
[2015.11.12-12.27.08:940][707]LogModuleManager: Shutting down and abandoning module TargetPlatform (22)
[2015.11.12-12.27.08:940][707]LogModuleManager: Shutting down and abandoning module InputCore (21)
[2015.11.12-12.27.08:940][707]LogModuleManager: Shutting down and abandoning module Settings (20)
[2015.11.12-12.27.08:940][707]LogModuleManager: Shutting down and abandoning module OnlineSubsystem (18)
[2015.11.12-12.27.08:940][707]LogModuleManager: Shutting down and abandoning module HTTP (17)
[2015.11.12-12.27.10:944][707]LogModuleManager: Shutting down and abandoning module XMPP (16)
[2015.11.12-12.27.10:944][707]LogModuleManager: Shutting down and abandoning module ExampleDeviceProfileSelector (15)
[2015.11.12-12.27.10:944][707]LogModuleManager: Shutting down and abandoning module TextureCompressor (14)
[2015.11.12-12.27.10:944][707]LogModuleManager: Shutting down and abandoning module ShaderCore (13)
[2015.11.12-12.27.10:944][707]LogModuleManager: Shutting down and abandoning module Landscape (12)
[2015.11.12-12.27.10:944][707]LogModuleManager: Shutting down and abandoning module SlateRHIRenderer (11)
[2015.11.12-12.27.10:947][707]LogModuleManager: Shutting down and abandoning module OpenGLDrv (10)
[2015.11.12-12.27.10:947][707]LogModuleManager: Shutting down and abandoning module D3D11RHI (9)
[2015.11.12-12.27.10:947][707]LogModuleManager: Shutting down and abandoning module AnimGraphRuntime (8)
[2015.11.12-12.27.10:947][707]LogModuleManager: Shutting down and abandoning module Renderer (7)
[2015.11.12-12.27.10:947][707]LogModuleManager: Shutting down and abandoning module Engine (6)
[2015.11.12-12.27.10:947][707]LogModuleManager: Shutting down and abandoning module CoreUObject (5)
[2015.11.12-12.27.10:947][707]LogModuleManager: Shutting down and abandoning module NetworkFile (4)
[2015.11.12-12.27.10:948][707]LogModuleManager: Shutting down and abandoning module StreamingFile (3)
[2015.11.12-12.27.10:948][707]LogModuleManager: Shutting down and abandoning module SandboxFile (2)
[2015.11.12-12.27.10:948][707]LogModuleManager: Shutting down and abandoning module PakFile (1)
[2015.11.12-12.27.10:948][707]LogExit: Exiting.
[2015.11.12-12.27.10:949][707]Log file closed, 11/12/15 12:27:10
